2025.04.14 16:10:50,074	INFO	1	org.l2jmobius.commons.util.IXmlReader	Network Config: ipconfig.xml exists using manual configuration...
2025.04.14 16:10:50,169	INFO	1	org.l2jmobius.Config	Loaded 6 Filter Words.
2025.04.14 16:10:50,194	INFO	1	org.l2jmobius.gameserver.GameServer	------------------------------------------------=[ Database ]
2025.04.14 16:10:50,293	INFO	1	org.l2jmobius.commons.database.DatabaseFactory	Database: HikariCP pool initialized successfully.
2025.04.14 16:10:50,348	INFO	1	org.l2jmobius.commons.database.DatabaseFactory	Database: Initialized with a valid connection.
2025.04.14 16:10:50,352	INFO	1	org.l2jmobius.gameserver.GameServer	----------------------------------------------=[ ThreadPool ]
2025.04.14 16:10:50,353	INFO	1	org.l2jmobius.commons.threads.ThreadPool	ThreadPool: Initialized
2025.04.14 16:10:50,353	INFO	1	org.l2jmobius.commons.threads.ThreadPool	...scheduled pool executor with 16 high priority threads.
2025.04.14 16:10:50,356	INFO	1	org.l2jmobius.commons.threads.ThreadPool	...scheduled pool executor with 64 total threads.
2025.04.14 16:10:50,357	INFO	1	org.l2jmobius.commons.threads.ThreadPool	...instant pool executor with 32 total threads.
2025.04.14 16:10:50,357	INFO	1	org.l2jmobius.gameserver.GameServer	-----------------------------------------------=[ IdManager ]
2025.04.14 16:10:50,359	INFO	1	org.l2jmobius.gameserver.instancemanager.IdManager	Updated characters online status.
2025.04.14 16:10:50,368	INFO	1	org.l2jmobius.gameserver.instancemanager.IdManager	IdManager: Cleaned 0 elements from database in 0 seconds.
2025.04.14 16:10:50,371	INFO	1	org.l2jmobius.gameserver.instancemanager.IdManager	IdManager: Cleaned 0 expired timestamps from database.
2025.04.14 16:10:50,374	INFO	1	org.l2jmobius.gameserver.instancemanager.IdManager	IdManager: 411648 id's available.
2025.04.14 16:10:50,374	INFO	1	org.l2jmobius.gameserver.GameServer	----------------------------------------=[ Scripting Engine ]
2025.04.14 16:10:50,433	INFO	1	org.l2jmobius.gameserver.scripting.ScriptEngineManager	Loaded 814 files to exclude.
2025.04.14 16:10:50,434	INFO	1	org.l2jmobius.gameserver.GameServer	---------------------------------------------------=[ World ]
2025.04.14 16:10:50,543	INFO	1	org.l2jmobius.gameserver.instancemanager.MapRegionManager	MapRegionManager: Loaded 60 map regions.
2025.04.14 16:10:50,547	INFO	1	org.l2jmobius.gameserver.instancemanager.ZoneManager	ZoneManager 19 by 18 Zone Region Grid set up.
2025.04.14 16:10:50,767	INFO	1	org.l2jmobius.gameserver.instancemanager.ZoneManager	ZoneManager: Loaded 33 zone classes and 2931 zones.
2025.04.14 16:10:50,769	INFO	1	org.l2jmobius.gameserver.instancemanager.ZoneManager	ZoneManager: Last static id 210110.
2025.04.14 16:10:50,921	INFO	1	org.l2jmobius.gameserver.data.xml.DoorData	DoorData: Loaded 1522 doors.
2025.04.14 16:10:50,928	INFO	1	FenceData	FenceData: Loaded 1 fences.
2025.04.14 16:10:50,933	INFO	1	org.l2jmobius.gameserver.instancemanager.GlobalVariablesManager	GlobalVariablesManager: Loaded 12 variables.
2025.04.14 16:10:50,933	INFO	1	org.l2jmobius.gameserver.GameServer	----------------------------------------------------=[ Data ]
2025.04.14 16:10:50,940	INFO	1	org.l2jmobius.gameserver.data.xml.ActionData	ActionData: Loaded 260 player actions.
2025.04.14 16:10:50,971	INFO	1	org.l2jmobius.gameserver.data.xml.CategoryData	CategoryData: Loaded 218 categories.
2025.04.14 16:10:50,980	INFO	1	org.l2jmobius.gameserver.data.xml.SecondaryAuthData	SecondaryAuthData: Loaded 328 forbidden passwords.
2025.04.14 16:10:52,030	INFO	1	org.l2jmobius.gameserver.data.xml.ItemData	ItemData: Highest item id used: 91162
2025.04.14 16:10:52,037	INFO	1	org.l2jmobius.gameserver.data.xml.ItemData	ItemData: Loaded 22451 Etc Items
2025.04.14 16:10:52,037	INFO	1	org.l2jmobius.gameserver.data.xml.ItemData	ItemData: Loaded 12048 Armor Items
2025.04.14 16:10:52,037	INFO	1	org.l2jmobius.gameserver.data.xml.ItemData	ItemData: Loaded 8917 Weapon Items
2025.04.14 16:10:52,037	INFO	1	org.l2jmobius.gameserver.data.xml.ItemData	ItemData: Loaded 43416 Items in total.
2025.04.14 16:10:52,041	INFO	1	org.l2jmobius.gameserver.data.xml.CombinationItemsData	CombinationItemsData: Loaded 915 combinations.
2025.04.14 16:10:52,048	INFO	1	org.l2jmobius.gameserver.data.xml.SayuneData	SayuneData: Loaded 84 maps.
2025.04.14 16:10:52,553	INFO	1	handlers.DailyMissionMasterHandler	DailyMissionMasterHandler: Loaded 11 handlers.
2025.04.14 16:10:52,564	INFO	1	org.l2jmobius.gameserver.data.xml.DailyMissionData	DailyMissionData: Loaded 46 one day rewards.
2025.04.14 16:10:52,564	INFO	1	org.l2jmobius.gameserver.GameServer	--------------------------------------------------=[ Skills ]
2025.04.14 16:10:53,916	INFO	1	handlers.EffectMasterHandler	EffectMasterHandler: Loaded 380 effect handlers.
2025.04.14 16:10:53,924	INFO	1	org.l2jmobius.gameserver.data.xml.EnchantSkillGroupsData	EnchantSkillGroupsData: Loaded 20 enchant routes, max enchant set to 20.
2025.04.14 16:10:56,163	INFO	1	org.l2jmobius.gameserver.data.xml.SkillData	SkillData: Loaded 152730 Skills.
2025.04.14 16:10:56,491	INFO	1	org.l2jmobius.gameserver.data.xml.SkillTreeData	SkillTreeData: Loaded 34061 Class skills for 155 class skill trees.
2025.04.14 16:10:56,491	INFO	1	org.l2jmobius.gameserver.data.xml.SkillTreeData	SkillTreeData: Loaded 24 sub-class skills.
2025.04.14 16:10:56,491	INFO	1	org.l2jmobius.gameserver.data.xml.SkillTreeData	SkillTreeData: Loaded 25 dual-class skills.
2025.04.14 16:10:56,491	INFO	1	org.l2jmobius.gameserver.data.xml.SkillTreeData	SkillTreeData: Loaded 104 transfer skills for 3 transfer skill trees.
2025.04.14 16:10:56,491	INFO	1	org.l2jmobius.gameserver.data.xml.SkillTreeData	SkillTreeData: Loaded 17 race skills for 7 race skill trees.
2025.04.14 16:10:56,492	INFO	1	org.l2jmobius.gameserver.data.xml.SkillTreeData	SkillTreeData: Loaded 35 fishing skills, 8 Dwarven only fishing skills.
2025.04.14 16:10:56,492	INFO	1	org.l2jmobius.gameserver.data.xml.SkillTreeData	SkillTreeData: Loaded 3 collect skills.
2025.04.14 16:10:56,493	INFO	1	org.l2jmobius.gameserver.data.xml.SkillTreeData	SkillTreeData: Loaded 11 clan skills, 0 for clan and 11 residential.
2025.04.14 16:10:56,494	INFO	1	org.l2jmobius.gameserver.data.xml.SkillTreeData	SkillTreeData: Loaded 0 sub-pledge skills.
2025.04.14 16:10:56,494	INFO	1	org.l2jmobius.gameserver.data.xml.SkillTreeData	SkillTreeData: Loaded 32 transform skills.
2025.04.14 16:10:56,494	INFO	1	org.l2jmobius.gameserver.data.xml.SkillTreeData	SkillTreeData: Loaded 21 noble skills.
2025.04.14 16:10:56,494	INFO	1	org.l2jmobius.gameserver.data.xml.SkillTreeData	SkillTreeData: Loaded 5 hero skills.
2025.04.14 16:10:56,494	INFO	1	org.l2jmobius.gameserver.data.xml.SkillTreeData	SkillTreeData: Loaded 61 game master skills.
2025.04.14 16:10:56,494	INFO	1	org.l2jmobius.gameserver.data.xml.SkillTreeData	SkillTreeData: Loaded 61 game master aura skills.
2025.04.14 16:10:56,494	INFO	1	org.l2jmobius.gameserver.data.xml.SkillTreeData	SkillTreeData: Loaded 123 ability skills.
2025.04.14 16:10:56,494	INFO	1	org.l2jmobius.gameserver.data.xml.SkillTreeData	SkillTreeData: Loaded 112 alchemy skills.
2025.04.14 16:10:56,494	INFO	1	org.l2jmobius.gameserver.data.xml.SkillTreeData	SkillTreeData: Loaded 36 class awaken save skills.
2025.04.14 16:10:56,494	INFO	1	org.l2jmobius.gameserver.data.xml.SkillTreeData	SkillTreeData: Loaded 20 Revelation skills.
2025.04.14 16:10:56,494	INFO	1	org.l2jmobius.gameserver.data.xml.SkillTreeData	SkillTreeData: Loaded 26 common skills.
2025.04.14 16:10:56,504	INFO	1	org.l2jmobius.gameserver.data.xml.PetSkillData	PetSkillData: Loaded 1076 skills.
2025.04.14 16:10:56,504	INFO	1	org.l2jmobius.gameserver.GameServer	---------------------------------------------------=[ Items ]
2025.04.14 16:10:56,541	INFO	1	org.l2jmobius.gameserver.data.xml.EnchantItemGroupsData	EnchantItemGroupsData: Loaded 4 item group templates.
2025.04.14 16:10:56,541	INFO	1	org.l2jmobius.gameserver.data.xml.EnchantItemGroupsData	EnchantItemGroupsData: Loaded 1 scroll group templates.
2025.04.14 16:10:56,541	INFO	1	org.l2jmobius.gameserver.data.xml.EnchantItemGroupsData	EnchantItemGroupsData: Max weapon enchant is set to 30.
2025.04.14 16:10:56,541	INFO	1	org.l2jmobius.gameserver.data.xml.EnchantItemGroupsData	EnchantItemGroupsData: Max armor enchant is set to 30.
2025.04.14 16:10:56,541	INFO	1	org.l2jmobius.gameserver.data.xml.EnchantItemGroupsData	EnchantItemGroupsData: Max accessory enchant is set to 30.
2025.04.14 16:10:56,546	INFO	1	org.l2jmobius.gameserver.data.xml.EnchantItemData	EnchantItemData: Loaded 255 enchant scrolls.
2025.04.14 16:10:56,547	INFO	1	org.l2jmobius.gameserver.data.xml.EnchantItemData	EnchantItemData: Loaded 100 support items.
2025.04.14 16:10:57,113	INFO	1	org.l2jmobius.gameserver.data.xml.OptionData	OptionData: Loaded 38524 options.
2025.04.14 16:10:57,123	INFO	1	org.l2jmobius.gameserver.data.xml.EnchantItemOptionsData	EnchantItemOptionsData: Loaded 99 items and 2073 options.
2025.04.14 16:10:57,128	INFO	1	org.l2jmobius.commons.util.IXmlReader	ElementalAttributeData: Loaded 139 elemental attribute items.
2025.04.14 16:10:57,134	INFO	1	org.l2jmobius.gameserver.data.xml.ItemCrystallizationData	ItemCrystallizationData: Loaded 13 crystallization templates.
2025.04.14 16:10:57,134	INFO	1	org.l2jmobius.gameserver.data.xml.ItemCrystallizationData	ItemCrystallizationData: Loaded 279 pre-defined crystallizable items.
2025.04.14 16:10:57,141	INFO	1	org.l2jmobius.gameserver.data.xml.ItemCrystallizationData	ItemCrystallizationData: Generated 5985 crystallizable items from templates.
2025.04.14 16:10:57,187	INFO	1	VariationData	VariationData: Loaded 122 variations.
2025.04.14 16:10:57,187	INFO	1	VariationData	VariationData: Loaded 4788 fees.
2025.04.14 16:10:57,197	INFO	1	org.l2jmobius.gameserver.data.xml.EnsoulData	EnsoulData: Loaded 11 fees.
2025.04.14 16:10:57,197	INFO	1	org.l2jmobius.gameserver.data.xml.EnsoulData	EnsoulData: Loaded 812 options.
2025.04.14 16:10:57,197	INFO	1	org.l2jmobius.gameserver.data.xml.EnsoulData	EnsoulData: Loaded 114 stones.
2025.04.14 16:10:57,199	INFO	1	org.l2jmobius.gameserver.data.xml.EnchantItemHPBonusData	EnchantItemHPBonusData: Loaded 12 enchant HP bonuses.
2025.04.14 16:10:57,717	INFO	1	org.l2jmobius.gameserver.data.xml.BuyListData	BuyListData: Loaded 910 buyLists.
2025.04.14 16:10:58,237	INFO	1	org.l2jmobius.gameserver.data.xml.MultisellData	MultisellData: Loaded 545 multisell lists.
2025.04.14 16:10:58,255	INFO	1	org.l2jmobius.gameserver.data.xml.EquipmentUpgradeData	EquipmentUpgradeData: Loaded 3821 upgrade equipment data.
2025.04.14 16:10:58,270	INFO	1	org.l2jmobius.gameserver.data.xml.AgathionData	AgathionData: Loaded 420 agathion data.
2025.04.14 16:10:58,315	INFO	1	org.l2jmobius.gameserver.data.xml.RecipeData	RecipeData: Loaded 1678 recipes.
2025.04.14 16:10:58,337	INFO	1	org.l2jmobius.gameserver.data.xml.ArmorSetData	ArmorSetData: Loaded 322 armor sets.
2025.04.14 16:10:58,339	INFO	1	org.l2jmobius.gameserver.data.xml.FishingData	FishingData: Loaded 7 bait and 14 rod data.
2025.04.14 16:10:58,365	INFO	1	org.l2jmobius.gameserver.data.xml.HennaData	HennaData: Loaded 461 henna data.
2025.04.14 16:10:58,369	INFO	1	org.l2jmobius.gameserver.data.xml.PrimeShopData	PrimeShopData: Loaded 99 items.
2025.04.14 16:10:58,382	INFO	1	org.l2jmobius.gameserver.data.xml.AppearanceItemData	AppearanceItemData: Loaded 1225 stones.
2025.04.14 16:10:58,385	INFO	1	org.l2jmobius.gameserver.data.xml.AlchemyData	AlchemyData: Loaded 114 alchemy craft skills.
2025.04.14 16:10:58,390	INFO	1	org.l2jmobius.commons.util.IXmlReader	LuckyGameData: Loaded 2 lucky game data.
2025.04.14 16:10:58,390	INFO	1	org.l2jmobius.gameserver.data.xml.AttendanceRewardData	AttendanceRewardData: Disabled.
2025.04.14 16:10:58,391	INFO	1	org.l2jmobius.gameserver.GameServer	----------------------------------------------=[ Characters ]
2025.04.14 16:10:58,392	INFO	1	org.l2jmobius.gameserver.data.xml.ClassListData	ClassListData: Loaded 155 class data.
2025.04.14 16:10:58,393	INFO	1	org.l2jmobius.gameserver.data.xml.InitialEquipmentData	InitialEquipmentData: Loaded 23 initial equipment data.
2025.04.14 16:10:58,395	INFO	1	org.l2jmobius.gameserver.data.xml.InitialShortcutData	InitialShortcutData: Loaded 5 initial global shortcuts data.
2025.04.14 16:10:58,395	INFO	1	org.l2jmobius.gameserver.data.xml.InitialShortcutData	InitialShortcutData: Loaded 5 initial shortcuts data.
2025.04.14 16:10:58,395	INFO	1	org.l2jmobius.gameserver.data.xml.InitialShortcutData	InitialShortcutData: Loaded 0 macro presets.
2025.04.14 16:10:58,397	INFO	1	org.l2jmobius.gameserver.data.xml.ExperienceData	ExperienceData: Loaded 121 levels.
2025.04.14 16:10:58,397	INFO	1	org.l2jmobius.gameserver.data.xml.ExperienceData	ExperienceData: Max Player Level is 120.
2025.04.14 16:10:58,397	INFO	1	org.l2jmobius.gameserver.data.xml.ExperienceData	ExperienceData: Max Pet Level is 120.
2025.04.14 16:10:58,399	INFO	1	org.l2jmobius.gameserver.data.xml.KarmaData	KarmaData: Loaded 120 karma modifiers.
2025.04.14 16:10:58,399	INFO	1	org.l2jmobius.gameserver.data.xml.HitConditionBonusData	HitConditionBonusData: Loaded hit condition bonuses.
2025.04.14 16:10:58,657	INFO	1	org.l2jmobius.gameserver.data.xml.PlayerTemplateData	PlayerTemplateData: Loaded 155 character templates.
2025.04.14 16:10:58,658	INFO	1	org.l2jmobius.gameserver.data.xml.PlayerTemplateData	PlayerTemplateData: Loaded 111600 level up gain records.
2025.04.14 16:10:58,659	INFO	1	org.l2jmobius.gameserver.data.sql.CharInfoTable	CharInfoTable: Loaded 5 char names.
2025.04.14 16:10:58,660	INFO	1	org.l2jmobius.gameserver.data.sql.PartyMatchingHistoryTable	PartyMatchingHistoryTable: Loaded 0 party matching history data.
2025.04.14 16:10:58,662	INFO	1	org.l2jmobius.gameserver.data.xml.AdminData	AdminData: Loaded 10 access levels.
2025.04.14 16:10:58,665	INFO	1	org.l2jmobius.gameserver.data.xml.AdminData	AdminData: Loaded 497 access commands.
2025.04.14 16:10:59,099	INFO	1	org.l2jmobius.gameserver.data.xml.PetDataTable	PetDataTable: Loaded 56 pets.
2025.04.14 16:10:59,138	INFO	1	org.l2jmobius.gameserver.data.xml.CubicData	CubicData: Loaded 25 cubics.
2025.04.14 16:10:59,146	INFO	1	org.l2jmobius.gameserver.GameServer	---------------------------------------------------=[ Clans ]
2025.04.14 16:10:59,148	INFO	1	org.l2jmobius.gameserver.data.xml.ClanLevelData	ClanLevelData: Loaded 15 clan level data.
2025.04.14 16:10:59,153	INFO	1	org.l2jmobius.gameserver.communitybbs.Manager.ForumsBBSManager	ForumsBBSManager: Loaded 4 forums. Last forum id used: 4
2025.04.14 16:10:59,153	INFO	1	org.l2jmobius.gameserver.data.sql.ClanTable	ClanTable: Restored 0 clans from the database.
2025.04.14 16:10:59,157	INFO	1	org.l2jmobius.gameserver.data.xml.ResidenceFunctionsData	ResidenceFunctionsData: Loaded 8 functions.
2025.04.14 16:10:59,653	INFO	1	org.l2jmobius.gameserver.data.xml.ClanHallData	ClanHallData: Succesfully loaded 57 clan halls.
2025.04.14 16:10:59,654	INFO	1	org.l2jmobius.gameserver.instancemanager.ClanHallAuctionManager	ClanHallAuctionManager: Clan Hall Auction has started!
2025.04.14 16:10:59,663	INFO	1	org.l2jmobius.gameserver.instancemanager.ClanEntryManager	ClanEntryManager: Loaded 0 clan entries.
2025.04.14 16:10:59,664	INFO	1	org.l2jmobius.gameserver.instancemanager.ClanEntryManager	ClanEntryManager: Loaded 0 players in waiting list.
2025.04.14 16:10:59,664	INFO	1	org.l2jmobius.gameserver.instancemanager.ClanEntryManager	ClanEntryManager: Loaded 0 player applications.
2025.04.14 16:10:59,666	INFO	1	org.l2jmobius.gameserver.data.xml.ClanMasteryData	ClanMasteryData: Loaded 16 clan masteries.
2025.04.14 16:10:59,669	INFO	1	org.l2jmobius.gameserver.data.xml.ClanShopData	ClanShopData: Loaded 13 clan shop products.
2025.04.14 16:10:59,669	INFO	1	org.l2jmobius.gameserver.GameServer	-------------------------------------------------=[ Geodata ]
2025.04.14 16:11:02,208	INFO	1	org.l2jmobius.gameserver.geoengine.GeoEngine	GeoEngine: Loaded 233 regions.
2025.04.14 16:11:02,209	INFO	1	org.l2jmobius.gameserver.GameServer	----------------------------------------------------=[ NPCs ]
2025.04.14 16:11:03,553	INFO	1	org.l2jmobius.gameserver.data.xml.NpcData	NpcData: Loaded 14920 NPCs.
2025.04.14 16:11:03,563	INFO	1	org.l2jmobius.gameserver.data.xml.NpcData	NpcData: Loaded 28 custom NPCs.
2025.04.14 16:11:03,564	INFO	1	org.l2jmobius.gameserver.data.xml.FakePlayerData	FakePlayerData: Disabled.
2025.04.14 16:11:03,565	INFO	1	org.l2jmobius.gameserver.instancemanager.FakePlayerChatManager	FakePlayerChatManager: Disabled.
2025.04.14 16:11:03,933	INFO	1	org.l2jmobius.gameserver.data.xml.SpawnData	SpawnData: Loaded 45290 spawns
2025.04.14 16:11:03,940	INFO	1	org.l2jmobius.gameserver.data.xml.MonsterBookData	MonsterBookData: Loaded 165 monster data.
2025.04.14 16:11:03,953	INFO	1	org.l2jmobius.gameserver.instancemanager.WalkingManager	WalkingManager: Loaded 197 walking routes.
2025.04.14 16:11:03,963	INFO	1	org.l2jmobius.gameserver.data.xml.StaticObjectData	StaticObjectData: Loaded 86 static object templates.
2025.04.14 16:11:03,974	INFO	1	org.l2jmobius.gameserver.model.itemauction.ItemAuctionInstance	ItemAuctionInstance: Loaded 21 item(s) and registered 3 auction(s) for instance 34328
2025.04.14 16:11:03,977	INFO	1	org.l2jmobius.gameserver.model.itemauction.ItemAuctionInstance	ItemAuctionInstance: Schedule next auction 3 on 17:00:00 19.04.25 for instance 34328
2025.04.14 16:11:03,978	INFO	1	org.l2jmobius.gameserver.instancemanager.ItemAuctionManager	ItemAuctionManager: Loaded 1 instances.
2025.04.14 16:11:03,993	INFO	1	org.l2jmobius.gameserver.instancemanager.CastleManager	CastleManager: Loaded 9 castles.
2025.04.14 16:11:03,995	INFO	1	org.l2jmobius.gameserver.instancemanager.GrandBossManager	GrandBossManager: 法利昂(19740) status is 0
2025.04.14 16:11:03,996	INFO	1	org.l2jmobius.gameserver.instancemanager.GrandBossManager	GrandBossManager: 凱爾烈光(26124) status is 0
2025.04.14 16:11:03,996	INFO	1	org.l2jmobius.gameserver.instancemanager.GrandBossManager	GrandBossManager: 巨蟻女王(29001) status is 0
2025.04.14 16:11:03,996	INFO	1	org.l2jmobius.gameserver.instancemanager.GrandBossManager	GrandBossManager: 核心(29006) status is 0
2025.04.14 16:11:03,996	INFO	1	org.l2jmobius.gameserver.instancemanager.GrandBossManager	GrandBossManager: 巴溫(29020) status is 0
2025.04.14 16:11:03,996	INFO	1	org.l2jmobius.gameserver.instancemanager.GrandBossManager	GrandBossManager: 巴拉卡斯(29028) status is 0
2025.04.14 16:11:03,996	INFO	1	org.l2jmobius.gameserver.instancemanager.GrandBossManager	GrandBossManager: 安塔瑞斯(29068) status is 0
2025.04.14 16:11:03,996	INFO	1	org.l2jmobius.gameserver.instancemanager.GrandBossManager	GrandBossManager: 巴列斯(29118) status is 0
2025.04.14 16:11:03,996	INFO	1	org.l2jmobius.gameserver.instancemanager.GrandBossManager	GrandBossManager: 地蟲 特拉斯肯(29197) status is 0
2025.04.14 16:11:03,996	INFO	1	org.l2jmobius.gameserver.instancemanager.GrandBossManager	GrandBossManager: 林德拜爾(29240) status is 0
2025.04.14 16:11:03,996	INFO	1	org.l2jmobius.gameserver.instancemanager.GrandBossManager	GrandBossManager: 赫利奧斯(29305) status is 0
2025.04.14 16:11:03,996	INFO	1	org.l2jmobius.gameserver.instancemanager.GrandBossManager	GrandBossManager: 奧爾芬(29325) status is 0
2025.04.14 16:11:03,996	INFO	1	org.l2jmobius.gameserver.instancemanager.GrandBossManager	GrandBossManager: 莉莉絲(29336) status is 0
2025.04.14 16:11:03,996	INFO	1	org.l2jmobius.gameserver.instancemanager.GrandBossManager	GrandBossManager: 亞納(29348) status is 0
2025.04.14 16:11:03,996	INFO	1	org.l2jmobius.gameserver.instancemanager.GrandBossManager	GrandBossManager: Loaded 14 instances.
2025.04.14 16:11:03,997	INFO	1	org.l2jmobius.gameserver.GameServer	------------------------------------------------=[ Instance ]
2025.04.14 16:11:04,000	INFO	1	org.l2jmobius.gameserver.instancemanager.InstanceManager	InstanceManager: Loaded 293 instance names.
2025.04.14 16:11:04,223	INFO	1	org.l2jmobius.gameserver.instancemanager.InstanceManager	InstanceManager: Loaded 175 instance templates.
2025.04.14 16:11:04,223	INFO	1	org.l2jmobius.gameserver.instancemanager.InstanceManager	InstanceManager: Loaded instance reenter times for 0 players.
2025.04.14 16:11:04,223	INFO	1	org.l2jmobius.gameserver.GameServer	------------------------------------------------=[ Olympiad ]
2025.04.14 16:11:04,227	INFO	1	org.l2jmobius.gameserver.model.olympiad.Olympiad	Olympiad System: Loading....
2025.04.14 16:11:04,228	INFO	1	org.l2jmobius.gameserver.model.olympiad.Olympiad	Olympiad System: Currently in Olympiad Period
2025.04.14 16:11:04,228	INFO	1	org.l2jmobius.gameserver.model.olympiad.Olympiad	Olympiad System: 15 days, 19 hours and 48 mins until period ends.
2025.04.14 16:11:04,228	INFO	1	org.l2jmobius.gameserver.model.olympiad.Olympiad	Olympiad System: Next weekly change is in 0 days, 1 hours and 19 mins.
2025.04.14 16:11:04,228	INFO	1	org.l2jmobius.gameserver.model.olympiad.Olympiad	Olympiad System: Loaded 0 Nobles
2025.04.14 16:11:04,230	INFO	1	org.l2jmobius.gameserver.model.olympiad.Olympiad	Olympiad System: Competition Period Starts in 4 days, 3 hours and 49 mins.
2025.04.14 16:11:04,240	INFO	1	org.l2jmobius.gameserver.model.olympiad.Olympiad	Olympiad System: Event starts/started: Fri Apr 18 20:00:04 CST 2025
2025.04.14 16:11:04,243	INFO	1	org.l2jmobius.gameserver.model.olympiad.Hero	Hero System: Loaded 0 Heroes.
2025.04.14 16:11:04,243	INFO	1	org.l2jmobius.gameserver.model.olympiad.Hero	Hero System: Loaded 0 all time Heroes.
2025.04.14 16:11:04,243	INFO	1	org.l2jmobius.gameserver.GameServer	---------------------------------------------------=[ Cache ]
2025.04.14 16:11:04,243	INFO	1	org.l2jmobius.gameserver.cache.HtmCache	Html cache start...
2025.04.14 16:11:05,946	INFO	1	org.l2jmobius.gameserver.cache.HtmCache	Cache[HTML]: 6.478 megabytes on 14001 files loaded.
2025.04.14 16:11:05,948	INFO	1	org.l2jmobius.gameserver.data.sql.CrestTable	CrestTable: Loaded 0 Crests.
2025.04.14 16:11:10,256	INFO	1	org.l2jmobius.gameserver.data.xml.TeleporterData	TeleporterData: Loaded 175 npc teleporters.
2025.04.14 16:11:10,262	INFO	1	org.l2jmobius.gameserver.instancemanager.CursedWeaponsManager	CursedWeaponsManager: Loaded 2 cursed weapons.
2025.04.14 16:11:10,495	INFO	1	org.l2jmobius.gameserver.data.xml.TransformData	TransformData: Loaded 174 transform templates.
2025.04.14 16:11:10,506	INFO	1	org.l2jmobius.gameserver.data.BotReportTable	BotReportTable: Loaded 0 bot reports
2025.04.14 16:11:10,509	INFO	1	org.l2jmobius.gameserver.instancemanager.SellBuffsManager	SellBuffsManager: Loaded 147 allowed buffs.
2025.04.14 16:11:10,509	INFO	1	org.l2jmobius.gameserver.GameServer	-------------------------------------------------=[ Scripts ]
2025.04.14 16:11:10,512	INFO	1	org.l2jmobius.gameserver.instancemanager.AirShipManager	AirShipManager: Loaded 0 private airships
2025.04.14 16:11:10,517	INFO	1	org.l2jmobius.gameserver.data.xml.ShuttleData	ShuttleData: Loaded 3 shuttles.
2025.04.14 16:11:10,518	INFO	1	org.l2jmobius.gameserver.data.xml.Itemjc	隨機鍛造加成: 讀取 2 個物品加成數據.
2025.04.14 16:11:10,518	INFO	1	org.l2jmobius.gameserver.GameServer	GameServer: Loading server scripts:
2025.04.14 16:11:11,557	INFO	1	handlers.MasterHandler	Loading Handlers...
2025.04.14 16:11:11,617	INFO	1	handlers.MasterHandler	ActionHandler: Loaded 10 handlers.
2025.04.14 16:11:11,617	INFO	1	handlers.MasterHandler	ActionShiftHandler: Loaded 6 handlers.
2025.04.14 16:11:11,617	INFO	1	handlers.MasterHandler	AdminCommandHandler: Loaded 489 handlers.
2025.04.14 16:11:11,617	INFO	1	handlers.MasterHandler	BypassHandler: Loaded 30 handlers.
2025.04.14 16:11:11,617	INFO	1	handlers.MasterHandler	ChatHandler: Loaded 14 handlers.
2025.04.14 16:11:11,617	INFO	1	handlers.MasterHandler	CommunityBoardHandler: Loaded 24 handlers.
2025.04.14 16:11:11,617	INFO	1	handlers.MasterHandler	ItemHandler: Loaded 32 handlers.
2025.04.14 16:11:11,617	INFO	1	handlers.MasterHandler	PunishmentHandler: Loaded 3 handlers.
2025.04.14 16:11:11,617	INFO	1	handlers.MasterHandler	UserCommandHandler: Loaded 16 handlers.
2025.04.14 16:11:11,617	INFO	1	handlers.MasterHandler	VoicedCommandHandler: Loaded 13 handlers.
2025.04.14 16:11:11,617	INFO	1	handlers.MasterHandler	TargetHandler: Loaded 21 handlers.
2025.04.14 16:11:11,617	INFO	1	handlers.MasterHandler	AffectObjectHandler: Loaded 11 handlers.
2025.04.14 16:11:11,617	INFO	1	handlers.MasterHandler	AffectScopeHandler: Loaded 19 handlers.
2025.04.14 16:11:11,618	INFO	1	handlers.MasterHandler	PlayerActionHandler: Loaded 24 handlers.
2025.04.14 16:11:11,618	INFO	1	handlers.MasterHandler	Handlers Loaded...
2025.04.14 16:11:15,382	INFO	1	ai.areas.FantasyIsle.HandysBlockCheckerEvent	Handy's Block Checker Event is enabled
2025.04.14 16:11:15,385	INFO	1	ai.areas.FantasyIsle.Parade	Fantasy Isle: Parade starting at 2025/04/14 17:20 and is scheduled each next 1 hours.
2025.04.14 16:11:15,393	INFO	1	ai.areas.FantasyIsle.TalentShow	Fantasy Isle: MC show script starting at 15/04/2025 11:34:15 and is scheduled each next 4 hours.
2025.04.14 16:11:15,452	INFO	1	ai.areas.ImperialTomb.FourSepulchers.FourSepulchers	[Four Sepulchers] Loaded 762 spawn zones data.
2025.04.14 16:11:15,554	INFO	1	org.l2jmobius.gameserver.instancemanager.GrandBossManager	GrandBossManager: Updated 亞納(29348) status to 0.
2025.04.14 16:11:15,584	INFO	1	org.l2jmobius.gameserver.instancemanager.GrandBossManager	GrandBossManager: Updated 耶提斯 潘 艾帝納(29318) status to 0.
2025.04.14 16:11:15,595	INFO	1	org.l2jmobius.gameserver.instancemanager.GrandBossManager	GrandBossManager: Updated 法利昂(19740) status to 0.
2025.04.14 16:11:15,604	INFO	1	org.l2jmobius.gameserver.instancemanager.GrandBossManager	GrandBossManager: Updated 赫利奧斯(29305) status to 0.
2025.04.14 16:11:15,614	INFO	1	org.l2jmobius.gameserver.instancemanager.GrandBossManager	GrandBossManager: Updated 莉莉絲(29336) status to 0.
2025.04.14 16:11:15,623	INFO	1	org.l2jmobius.gameserver.instancemanager.GrandBossManager	GrandBossManager: Updated 林德拜爾(29240) status to 0.
2025.04.14 16:11:15,662	INFO	1	ai.bosses.Tiat.Stage1	[Seed of Destruction] Loaded 51 spawn zones data.
2025.04.14 16:11:15,689	INFO	1	org.l2jmobius.gameserver.instancemanager.QuestManager	Replaced script Herphah with a new version!
2025.04.14 16:11:15,699	INFO	1	org.l2jmobius.gameserver.instancemanager.QuestManager	Replaced script Tarti with a new version!
2025.04.14 16:11:15,715	INFO	1	ai.others.ClassMaster.ClassMaster	ClassMaster: Loaded 0 class change options.
2025.04.14 16:11:15,758	INFO	1	ai.others.MentorGuide.MentorGuide	MentorGuide: Loaded 5 mentee coins
2025.04.14 16:11:15,767	INFO	1	ai.others.NpcBuffers.NpcBuffersData	NpcBuffersData: Loaded 6 buffers data.
2025.04.14 16:11:15,819	INFO	1	org.l2jmobius.gameserver.model.quest.Quest	Event Birth of Draco has passed... Ignored 
2025.04.14 16:11:15,829	INFO	1	org.l2jmobius.gameserver.model.quest.Quest	Event Eve the Fortune Teller has passed... Ignored 
2025.04.14 16:11:15,832	INFO	1	org.l2jmobius.gameserver.model.quest.Quest	Event Freya Celebration has passed... Ignored 
2025.04.14 16:11:15,833	INFO	1	org.l2jmobius.gameserver.model.quest.Quest	Event Gift of Vitality has passed... Ignored 
2025.04.14 16:11:15,835	INFO	1	org.l2jmobius.gameserver.model.quest.Quest	Event Halloween has passed... Ignored 
2025.04.14 16:11:15,837	INFO	1	org.l2jmobius.gameserver.model.quest.Quest	Event Happy Hours has passed... Ignored 
2025.04.14 16:11:15,838	INFO	1	org.l2jmobius.gameserver.model.quest.Quest	Event Heavy Medal has passed... Ignored 
2025.04.14 16:11:15,840	INFO	1	org.l2jmobius.gameserver.model.quest.Quest	Event Hungry Horse has passed... Ignored 
2025.04.14 16:11:15,841	INFO	1	org.l2jmobius.gameserver.model.quest.Quest	Event Hunt for Santa has passed... Ignored 
2025.04.14 16:11:15,842	INFO	1	org.l2jmobius.gameserver.model.quest.Quest	Event Letter Collector has passed... Ignored 
2025.04.14 16:11:15,844	INFO	1	org.l2jmobius.gameserver.model.quest.Quest	Event Lovers Jubilee has passed... Ignored 
2025.04.14 16:11:15,845	INFO	1	org.l2jmobius.gameserver.model.quest.Quest	Event Love Your Gatekeeper has passed... Ignored 
2025.04.14 16:11:15,846	INFO	1	org.l2jmobius.gameserver.model.quest.Quest	Event Master of Enchanting has passed... Ignored 
2025.04.14 16:11:15,847	INFO	1	org.l2jmobius.gameserver.model.quest.Quest	Event Red Libra has passed... Ignored 
2025.04.14 16:11:15,849	INFO	1	org.l2jmobius.gameserver.model.quest.Quest	Event Rudolphs Blessing has passed... Ignored 
2025.04.14 16:11:15,859	INFO	1	org.l2jmobius.gameserver.model.quest.Quest	Event Saving Santa has passed... Ignored 
2025.04.14 16:11:15,861	INFO	1	org.l2jmobius.gameserver.model.quest.Quest	Event The Power Of Love has passed... Ignored 
2025.04.14 16:11:15,862	INFO	1	org.l2jmobius.gameserver.model.quest.Quest	Event Training with Dandy has passed... Ignored 
2025.04.14 16:11:16,193	INFO	1	org.l2jmobius.gameserver.data.xml.SpawnData	SpawnData: Initializing spawns...
2025.04.14 16:11:16,478	INFO	1	org.l2jmobius.gameserver.instancemanager.DBSpawnManager	DBSpawnManager: Loaded 263 instances.
2025.04.14 16:11:16,478	INFO	1	org.l2jmobius.gameserver.instancemanager.DBSpawnManager	DBSpawnManager: Scheduled 0 instances.
2025.04.14 16:11:19,030	INFO	1	org.l2jmobius.gameserver.data.xml.SpawnData	SpawnData: All spawns has been initialized!
2025.04.14 16:11:19,030	INFO	1	org.l2jmobius.gameserver.GameServer	---------------------------------------------------=[ Siege ]
2025.04.14 16:11:19,036	INFO	1	org.l2jmobius.gameserver.data.xml.SiegeScheduleData	SiegeScheduleData: Loaded 9 siege schedulers.
2025.04.14 16:11:19,036	INFO	1	org.l2jmobius.gameserver.model.siege.Siege	Siege of 古魯丁: Sun Apr 27 16:00:00 CST 2025
2025.04.14 16:11:19,037	INFO	1	org.l2jmobius.gameserver.model.siege.Siege	Siege of 狄恩: Sun Apr 27 20:00:00 CST 2025
2025.04.14 16:11:19,037	INFO	1	org.l2jmobius.gameserver.model.siege.Siege	Siege of 奇岩: Sun Apr 27 16:00:00 CST 2025
2025.04.14 16:11:19,037	INFO	1	org.l2jmobius.gameserver.model.siege.Siege	Siege of 歐瑞: Sun Apr 27 20:00:00 CST 2025
2025.04.14 16:11:19,037	INFO	1	org.l2jmobius.gameserver.model.siege.Siege	Siege of 亞丁: Sun Apr 27 16:00:00 CST 2025
2025.04.14 16:11:19,037	INFO	1	org.l2jmobius.gameserver.model.siege.Siege	Siege of 因納德立: Sun Apr 27 20:00:00 CST 2025
2025.04.14 16:11:19,037	INFO	1	org.l2jmobius.gameserver.model.siege.Siege	Siege of 高達特: Sun Apr 27 16:00:00 CST 2025
2025.04.14 16:11:19,037	INFO	1	org.l2jmobius.gameserver.model.siege.Siege	Siege of 魯茵: Sun Apr 27 20:00:00 CST 2025
2025.04.14 16:11:19,037	INFO	1	org.l2jmobius.gameserver.model.siege.Siege	Siege of 修加特: Sun Apr 27 16:00:00 CST 2025
2025.04.14 16:11:19,076	INFO	1	org.l2jmobius.gameserver.instancemanager.FortManager	FortManager: Loaded 20 fortress.
2025.04.14 16:11:19,109	INFO	1	org.l2jmobius.gameserver.instancemanager.CastleManorManager	CastleManorManager: Loaded 258 seeds.
2025.04.14 16:11:19,112	INFO	1	org.l2jmobius.gameserver.instancemanager.CastleManorManager	CastleManorManager: Manor data loaded.
2025.04.14 16:11:19,114	INFO	1	org.l2jmobius.gameserver.instancemanager.SiegeGuardManager	SiegeGuardManager: Loaded 0 siege guards tickets.
2025.04.14 16:11:19,114	INFO	1	org.l2jmobius.gameserver.instancemanager.QuestManager	QuestManager: Loaded 566 quests.
2025.04.14 16:11:19,114	INFO	1	org.l2jmobius.gameserver.instancemanager.QuestManager	QuestManager: Loaded 473 scripts.
2025.04.14 16:11:19,119	INFO	1	org.l2jmobius.gameserver.instancemanager.games.KrateisCubeManager	KrateisCubeManager: Loaded 3 arena templates.
2025.04.14 16:11:19,125	INFO	1	org.l2jmobius.gameserver.instancemanager.games.UndergroundColiseumManager	UndergroundColiseumManager: Loaded 5 coliseum arenas.
2025.04.14 16:11:19,125	INFO	1	org.l2jmobius.gameserver.instancemanager.games.UndergroundColiseumManager	UndergroundColiseumManager: Starts at 18/04/2025 21:00:00
2025.04.14 16:11:19,128	INFO	1	org.l2jmobius.gameserver.taskmanager.TaskManager	TaskManager: Loaded 5 Tasks.
2025.04.14 16:11:19,129	INFO	1	org.l2jmobius.gameserver.instancemanager.DailyTaskManager	DailyTaskManager: Next schedule at 15/04 06:30.
2025.04.14 16:11:19,130	INFO	1	org.l2jmobius.gameserver.instancemanager.MailManager	MailManager: Loaded 0 messages.
2025.04.14 16:11:19,132	INFO	1	org.l2jmobius.gameserver.instancemanager.PunishmentManager	PunishmentManager: Loaded 0 active and 0 expired punishments.
2025.04.14 16:11:19,132	INFO	1	org.l2jmobius.gameserver.GameServer	IdManager: Free ObjectID's remaining: 1878991516
2025.04.14 16:11:19,133	INFO	1	org.l2jmobius.gameserver.data.sql.OfflineTraderTable	OfflineTraderTable: Loading offline traders...
2025.04.14 16:11:19,134	INFO	1	org.l2jmobius.gameserver.data.sql.OfflineTraderTable	OfflineTraderTable: Loaded 0 offline traders.
2025.04.14 16:11:20,071	INFO	1	org.l2jmobius.gameserver.GameServer	GameServer: Started, using 2834 of 4096 MB total memory.
2025.04.14 16:11:20,071	INFO	1	org.l2jmobius.gameserver.GameServer	GameServer: Maximum number of connected players is 2000.
2025.04.14 16:11:20,071	INFO	1	org.l2jmobius.gameserver.GameServer	GameServer: Server loaded in 30 seconds.
2025.04.14 16:11:20,086	INFO	174	org.l2jmobius.gameserver.LoginServerThread	LoginServerThread: Connecting to login on 127.0.0.1:9014
2025.04.14 16:11:20,128	INFO	174	org.l2jmobius.gameserver.LoginServerThread	LoginServerThread: Registered on login as Server 2: Sieghardt
2025.04.14 16:13:54,707	WARNING	190	org.l2jmobius.gameserver.model.actor.Creature	Master access level set for character 測試人員! Just a warning to be careful ;)
2025.04.14 16:13:54,722	INFO	190	org.l2jmobius.gameserver.model.actor.Creature	玩家： 測試人員 進入天堂II！
2025.04.14 16:14:10,553	INFO	137	org.l2jmobius.gameserver.cache.HtmCache	Html cache start...
2025.04.14 16:14:12,075	INFO	137	org.l2jmobius.gameserver.cache.HtmCache	Cache[HTML]: 6.620 megabytes on 14001 files loaded.
2025.04.14 16:18:45,891	INFO	147	handlers.MasterHandler	Loading Handlers...
2025.04.14 16:18:45,900	INFO	147	org.l2jmobius.gameserver.instancemanager.QuestManager	Replaced script AdminZones with a new version!
2025.04.14 16:18:45,941	INFO	147	org.l2jmobius.gameserver.instancemanager.QuestManager	Replaced script MercTicket with a new version!
2025.04.14 16:18:45,947	INFO	147	handlers.MasterHandler	ActionHandler: Loaded 10 handlers.
2025.04.14 16:18:45,948	INFO	147	handlers.MasterHandler	ActionShiftHandler: Loaded 6 handlers.
2025.04.14 16:18:45,948	INFO	147	handlers.MasterHandler	AdminCommandHandler: Loaded 489 handlers.
2025.04.14 16:18:45,948	INFO	147	handlers.MasterHandler	BypassHandler: Loaded 41 handlers.
2025.04.14 16:18:45,948	INFO	147	handlers.MasterHandler	ChatHandler: Loaded 14 handlers.
2025.04.14 16:18:45,948	INFO	147	handlers.MasterHandler	CommunityBoardHandler: Loaded 24 handlers.
2025.04.14 16:18:45,948	INFO	147	handlers.MasterHandler	ItemHandler: Loaded 32 handlers.
2025.04.14 16:18:45,948	INFO	147	handlers.MasterHandler	PunishmentHandler: Loaded 3 handlers.
2025.04.14 16:18:45,948	INFO	147	handlers.MasterHandler	UserCommandHandler: Loaded 16 handlers.
2025.04.14 16:18:45,948	INFO	147	handlers.MasterHandler	VoicedCommandHandler: Loaded 15 handlers.
2025.04.14 16:18:45,948	INFO	147	handlers.MasterHandler	TargetHandler: Loaded 21 handlers.
2025.04.14 16:18:45,948	INFO	147	handlers.MasterHandler	AffectObjectHandler: Loaded 11 handlers.
2025.04.14 16:18:45,948	INFO	147	handlers.MasterHandler	AffectScopeHandler: Loaded 19 handlers.
2025.04.14 16:18:45,948	INFO	147	handlers.MasterHandler	PlayerActionHandler: Loaded 24 handlers.
2025.04.14 16:18:45,948	INFO	147	handlers.MasterHandler	Handlers Loaded...
2025.04.14 16:18:47,464	INFO	148	org.l2jmobius.gameserver.cache.HtmCache	Html cache start...
2025.04.14 16:18:48,835	INFO	148	org.l2jmobius.gameserver.cache.HtmCache	Cache[HTML]: 6.762 megabytes on 14001 files loaded.
2025.04.14 16:23:06,842	INFO	131	handlers.MasterHandler	Loading Handlers...
2025.04.14 16:23:06,886	INFO	131	handlers.MasterHandler	ActionHandler: Loaded 10 handlers.
2025.04.14 16:23:06,886	INFO	131	handlers.MasterHandler	ActionShiftHandler: Loaded 6 handlers.
2025.04.14 16:23:06,886	INFO	131	handlers.MasterHandler	AdminCommandHandler: Loaded 489 handlers.
2025.04.14 16:23:06,886	INFO	131	handlers.MasterHandler	BypassHandler: Loaded 41 handlers.
2025.04.14 16:23:06,886	INFO	131	handlers.MasterHandler	ChatHandler: Loaded 14 handlers.
2025.04.14 16:23:06,886	INFO	131	handlers.MasterHandler	CommunityBoardHandler: Loaded 24 handlers.
2025.04.14 16:23:06,886	INFO	131	handlers.MasterHandler	ItemHandler: Loaded 32 handlers.
2025.04.14 16:23:06,886	INFO	131	handlers.MasterHandler	PunishmentHandler: Loaded 3 handlers.
2025.04.14 16:23:06,886	INFO	131	handlers.MasterHandler	UserCommandHandler: Loaded 16 handlers.
2025.04.14 16:23:06,886	INFO	131	handlers.MasterHandler	VoicedCommandHandler: Loaded 15 handlers.
2025.04.14 16:23:06,886	INFO	131	handlers.MasterHandler	TargetHandler: Loaded 21 handlers.
2025.04.14 16:23:06,886	INFO	131	handlers.MasterHandler	AffectObjectHandler: Loaded 11 handlers.
2025.04.14 16:23:06,886	INFO	131	handlers.MasterHandler	AffectScopeHandler: Loaded 19 handlers.
2025.04.14 16:23:06,886	INFO	131	handlers.MasterHandler	PlayerActionHandler: Loaded 24 handlers.
2025.04.14 16:23:06,886	INFO	131	handlers.MasterHandler	Handlers Loaded...
2025.04.14 16:27:29,903	INFO	146	handlers.MasterHandler	Loading Handlers...
2025.04.14 16:27:29,911	INFO	146	org.l2jmobius.gameserver.instancemanager.QuestManager	Replaced script AdminZones with a new version!
2025.04.14 16:27:29,940	INFO	146	org.l2jmobius.gameserver.instancemanager.QuestManager	Replaced script MercTicket with a new version!
2025.04.14 16:27:29,944	INFO	146	handlers.MasterHandler	ActionHandler: Loaded 10 handlers.
2025.04.14 16:27:29,944	INFO	146	handlers.MasterHandler	ActionShiftHandler: Loaded 6 handlers.
2025.04.14 16:27:29,944	INFO	146	handlers.MasterHandler	AdminCommandHandler: Loaded 489 handlers.
2025.04.14 16:27:29,944	INFO	146	handlers.MasterHandler	BypassHandler: Loaded 41 handlers.
2025.04.14 16:27:29,944	INFO	146	handlers.MasterHandler	ChatHandler: Loaded 14 handlers.
2025.04.14 16:27:29,944	INFO	146	handlers.MasterHandler	CommunityBoardHandler: Loaded 24 handlers.
2025.04.14 16:27:29,944	INFO	146	handlers.MasterHandler	ItemHandler: Loaded 32 handlers.
2025.04.14 16:27:29,944	INFO	146	handlers.MasterHandler	PunishmentHandler: Loaded 3 handlers.
2025.04.14 16:27:29,944	INFO	146	handlers.MasterHandler	UserCommandHandler: Loaded 16 handlers.
2025.04.14 16:27:29,944	INFO	146	handlers.MasterHandler	VoicedCommandHandler: Loaded 15 handlers.
2025.04.14 16:27:29,944	INFO	146	handlers.MasterHandler	TargetHandler: Loaded 21 handlers.
2025.04.14 16:27:29,944	INFO	146	handlers.MasterHandler	AffectObjectHandler: Loaded 11 handlers.
2025.04.14 16:27:29,944	INFO	146	handlers.MasterHandler	AffectScopeHandler: Loaded 19 handlers.
2025.04.14 16:27:29,944	INFO	146	handlers.MasterHandler	PlayerActionHandler: Loaded 24 handlers.
2025.04.14 16:27:29,944	INFO	146	handlers.MasterHandler	Handlers Loaded...
2025.04.14 16:27:35,653	INFO	127	handlers.MasterHandler	Loading Handlers...
2025.04.14 16:27:35,690	INFO	127	handlers.MasterHandler	ActionHandler: Loaded 10 handlers.
2025.04.14 16:27:35,690	INFO	127	handlers.MasterHandler	ActionShiftHandler: Loaded 6 handlers.
2025.04.14 16:27:35,690	INFO	127	handlers.MasterHandler	AdminCommandHandler: Loaded 489 handlers.
2025.04.14 16:27:35,690	INFO	127	handlers.MasterHandler	BypassHandler: Loaded 41 handlers.
2025.04.14 16:27:35,690	INFO	127	handlers.MasterHandler	ChatHandler: Loaded 14 handlers.
2025.04.14 16:27:35,690	INFO	127	handlers.MasterHandler	CommunityBoardHandler: Loaded 24 handlers.
2025.04.14 16:27:35,690	INFO	127	handlers.MasterHandler	ItemHandler: Loaded 32 handlers.
2025.04.14 16:27:35,690	INFO	127	handlers.MasterHandler	PunishmentHandler: Loaded 3 handlers.
2025.04.14 16:27:35,690	INFO	127	handlers.MasterHandler	UserCommandHandler: Loaded 16 handlers.
2025.04.14 16:27:35,690	INFO	127	handlers.MasterHandler	VoicedCommandHandler: Loaded 15 handlers.
2025.04.14 16:27:35,690	INFO	127	handlers.MasterHandler	TargetHandler: Loaded 21 handlers.
2025.04.14 16:27:35,690	INFO	127	handlers.MasterHandler	AffectObjectHandler: Loaded 11 handlers.
2025.04.14 16:27:35,690	INFO	127	handlers.MasterHandler	AffectScopeHandler: Loaded 19 handlers.
2025.04.14 16:27:35,690	INFO	127	handlers.MasterHandler	PlayerActionHandler: Loaded 24 handlers.
2025.04.14 16:27:35,691	INFO	127	handlers.MasterHandler	Handlers Loaded...
2025.04.14 16:27:50,269	INFO	133	org.l2jmobius.gameserver.cache.HtmCache	Html cache start...
2025.04.14 16:27:50,938	INFO	133	org.l2jmobius.gameserver.cache.HtmCache	Cache[HTML]: 6.907 megabytes on 14001 files loaded.
2025.04.14 16:28:17,154	INFO	128	org.l2jmobius.gameserver.cache.HtmCache	Html cache start...
2025.04.14 16:28:17,836	INFO	128	org.l2jmobius.gameserver.cache.HtmCache	Cache[HTML]: 7.049 megabytes on 14001 files loaded.
2025.04.14 16:28:27,661	INFO	140	org.l2jmobius.gameserver.cache.HtmCache	Html cache start...
2025.04.14 16:28:28,290	INFO	140	org.l2jmobius.gameserver.cache.HtmCache	Cache[HTML]: 7.191 megabytes on 14001 files loaded.
2025.04.14 16:28:42,089	INFO	134	org.l2jmobius.gameserver.cache.HtmCache	Html cache start...
2025.04.14 16:28:42,726	INFO	134	org.l2jmobius.gameserver.cache.HtmCache	Cache[HTML]: 7.335 megabytes on 14001 files loaded.
2025.04.14 16:30:31,524	INFO	253	org.l2jmobius.gameserver.data.xml.AdminData	AdminData: No rights defined for admin command admin_ban_acc auto setting accesslevel: 100 !
2025.04.14 16:31:23,168	INFO	132	org.l2jmobius.gameserver.cache.HtmCache	Html cache start...
2025.04.14 16:31:23,808	INFO	132	org.l2jmobius.gameserver.cache.HtmCache	Cache[HTML]: 7.477 megabytes on 14001 files loaded.
2025.04.14 16:31:44,807	INFO	121	org.l2jmobius.gameserver.cache.HtmCache	Html cache start...
2025.04.14 16:31:45,503	INFO	121	org.l2jmobius.gameserver.cache.HtmCache	Cache[HTML]: 7.620 megabytes on 14001 files loaded.
2025.04.14 16:34:01,234	INFO	150	org.l2jmobius.gameserver.cache.HtmCache	Html cache start...
2025.04.14 16:34:01,867	INFO	150	org.l2jmobius.gameserver.cache.HtmCache	Cache[HTML]: 7.763 megabytes on 14001 files loaded.
2025.04.14 16:34:34,048	WARNING	247	org.l2jmobius.gameserver.network.PacketLogger	[Character: 測試人員[268491433] - Account: 1234 - IP: 220.135.250.156] sent not handled RequestBypassToServer: [_bbspremium;1]
2025.04.14 16:34:41,042	WARNING	248	org.l2jmobius.gameserver.network.PacketLogger	[Character: 測試人員[268491433] - Account: 1234 - IP: 220.135.250.156] sent not handled RequestBypassToServer: [_bbspremium;15]
2025.04.14 16:36:42,080	INFO	149	org.l2jmobius.commons.util.IXmlReader	Network Config: ipconfig.xml exists using manual configuration...
2025.04.14 16:36:42,096	INFO	149	org.l2jmobius.Config	Loaded 6 Filter Words.
2025.04.14 16:36:47,329	WARNING	259	org.l2jmobius.gameserver.network.PacketLogger	[Character: 測試人員[268491433] - Account: 1234 - IP: 220.135.250.156] sent not handled RequestBypassToServer: [_bbspremium;1]
2025.04.14 16:37:14,048	INFO	144	org.l2jmobius.commons.util.IXmlReader	Network Config: ipconfig.xml exists using manual configuration...
2025.04.14 16:37:14,057	INFO	144	org.l2jmobius.Config	Loaded 6 Filter Words.
2025.04.14 16:37:19,378	INFO	150	org.l2jmobius.commons.util.IXmlReader	Network Config: ipconfig.xml exists using manual configuration...
2025.04.14 16:37:19,384	INFO	150	org.l2jmobius.Config	Loaded 6 Filter Words.
2025.04.14 16:37:24,096	WARNING	268	org.l2jmobius.gameserver.network.PacketLogger	[Character: 測試人員[268491433] - Account: 1234 - IP: 220.135.250.156] sent not handled RequestBypassToServer: [_bbspremium;1]
2025.04.14 16:38:49,344	WARNING	49	org.l2jmobius.gameserver.Shutdown	Server scheduled restart issued shutdown command. Restart in 1 seconds!
2025.04.14 16:38:50,346	WARNING	311	org.l2jmobius.gameserver.Shutdown	GM shutdown countdown is over. restarting NOW!
2025.04.14 16:38:50,359	INFO	311	org.l2jmobius.gameserver.Shutdown	All players disconnected and saved(11ms).
2025.04.14 16:38:50,359	INFO	311	org.l2jmobius.gameserver.Shutdown	Game Time Task Manager: Thread interruped(1ms).
2025.04.14 16:38:50,359	INFO	311	org.l2jmobius.commons.threads.ThreadPool	ThreadPool: Shutting down.
2025.04.14 16:38:50,360	INFO	311	org.l2jmobius.gameserver.Shutdown	Thread Pool Manager: Manager has been shut down(1ms).
2025.04.14 16:38:50,360	INFO	311	org.l2jmobius.gameserver.Shutdown	Login Server Thread: Thread interruped(0ms).
2025.04.14 16:38:50,360	INFO	311	org.l2jmobius.gameserver.Shutdown	GM restart received. Restarting NOW!
2025.04.14 16:38:50,382	INFO	311	org.l2jmobius.gameserver.Shutdown	RaidBossSpawnManager: All raidboss info saved(22ms).
2025.04.14 16:38:50,384	INFO	311	org.l2jmobius.gameserver.Shutdown	GrandBossManager: All Grand Boss info saved(2ms).
2025.04.14 16:38:50,385	INFO	311	org.l2jmobius.gameserver.Shutdown	Item Auction Manager: All tasks stopped(0ms).
2025.04.14 16:38:50,385	INFO	311	org.l2jmobius.gameserver.Shutdown	Olympiad System: Data saved(1ms).
2025.04.14 16:38:50,385	INFO	311	org.l2jmobius.gameserver.Shutdown	Hero System: Data saved(0ms).
2025.04.14 16:38:50,385	INFO	311	org.l2jmobius.gameserver.Shutdown	Clan System: Data saved(0ms).
2025.04.14 16:38:50,386	INFO	311	org.l2jmobius.gameserver.Shutdown	Cursed Weapons Manager: Data saved(1ms).
2025.04.14 16:38:50,386	INFO	311	org.l2jmobius.gameserver.Shutdown	Castle Manor Manager: Data saved(0ms).
2025.04.14 16:38:50,387	INFO	311	org.l2jmobius.gameserver.Shutdown	Quest Manager: Data saved(1ms).
2025.04.14 16:38:50,392	INFO	311	org.l2jmobius.gameserver.instancemanager.GlobalVariablesManager	GlobalVariablesManager: Stored 12 variables.
2025.04.14 16:38:50,393	INFO	311	org.l2jmobius.gameserver.Shutdown	Global Variables Manager: Variables saved(6ms).
2025.04.14 16:38:50,393	INFO	311	org.l2jmobius.gameserver.Shutdown	Party Matching History Table: Data saved(0ms).
2025.04.14 16:38:50,393	INFO	311	org.l2jmobius.gameserver.Shutdown	Bot Report Table: Successfully saved reports to database!
2025.04.14 16:38:55,396	INFO	311	org.l2jmobius.commons.database.DatabaseFactory	Database: HikariCP pool closed successfully.
2025.04.14 16:38:55,396	INFO	311	org.l2jmobius.gameserver.Shutdown	Database Factory: Database connection has been shut down(2ms).
2025.04.14 16:38:55,402	INFO	311	org.l2jmobius.gameserver.Shutdown	The server has been successfully shut down in 5seconds.
