2025.04.14 16:38:56,758	INFO	1	org.l2jmobius.commons.util.IXmlReader	Network Config: ipconfig.xml exists using manual configuration...
2025.04.14 16:38:56,846	INFO	1	org.l2jmobius.Config	Loaded 6 Filter Words.
2025.04.14 16:38:56,868	INFO	1	org.l2jmobius.gameserver.GameServer	------------------------------------------------=[ Database ]
2025.04.14 16:38:56,970	INFO	1	org.l2jmobius.commons.database.DatabaseFactory	Database: HikariCP pool initialized successfully.
2025.04.14 16:38:57,023	INFO	1	org.l2jmobius.commons.database.DatabaseFactory	Database: Initialized with a valid connection.
2025.04.14 16:38:57,027	INFO	1	org.l2jmobius.gameserver.GameServer	----------------------------------------------=[ ThreadPool ]
2025.04.14 16:38:57,028	INFO	1	org.l2jmobius.commons.threads.ThreadPool	ThreadPool: Initialized
2025.04.14 16:38:57,029	INFO	1	org.l2jmobius.commons.threads.ThreadPool	...scheduled pool executor with 16 high priority threads.
2025.04.14 16:38:57,032	INFO	1	org.l2jmobius.commons.threads.ThreadPool	...scheduled pool executor with 64 total threads.
2025.04.14 16:38:57,032	INFO	1	org.l2jmobius.commons.threads.ThreadPool	...instant pool executor with 32 total threads.
2025.04.14 16:38:57,033	INFO	1	org.l2jmobius.gameserver.GameServer	-----------------------------------------------=[ IdManager ]
2025.04.14 16:38:57,035	INFO	1	org.l2jmobius.gameserver.instancemanager.IdManager	Updated characters online status.
2025.04.14 16:38:57,044	INFO	1	org.l2jmobius.gameserver.instancemanager.IdManager	IdManager: Cleaned 0 elements from database in 0 seconds.
2025.04.14 16:38:57,047	INFO	1	org.l2jmobius.gameserver.instancemanager.IdManager	IdManager: Cleaned 0 expired timestamps from database.
2025.04.14 16:38:57,050	INFO	1	org.l2jmobius.gameserver.instancemanager.IdManager	IdManager: 411648 id's available.
2025.04.14 16:38:57,050	INFO	1	org.l2jmobius.gameserver.GameServer	----------------------------------------=[ Scripting Engine ]
2025.04.14 16:38:57,105	INFO	1	org.l2jmobius.gameserver.scripting.ScriptEngineManager	Loaded 814 files to exclude.
2025.04.14 16:38:57,105	INFO	1	org.l2jmobius.gameserver.GameServer	---------------------------------------------------=[ World ]
2025.04.14 16:38:57,246	INFO	1	org.l2jmobius.gameserver.instancemanager.MapRegionManager	MapRegionManager: Loaded 60 map regions.
2025.04.14 16:38:57,252	INFO	1	org.l2jmobius.gameserver.instancemanager.ZoneManager	ZoneManager 19 by 18 Zone Region Grid set up.
2025.04.14 16:38:57,515	INFO	1	org.l2jmobius.gameserver.instancemanager.ZoneManager	ZoneManager: Loaded 33 zone classes and 2931 zones.
2025.04.14 16:38:57,518	INFO	1	org.l2jmobius.gameserver.instancemanager.ZoneManager	ZoneManager: Last static id 210110.
2025.04.14 16:38:57,736	INFO	1	org.l2jmobius.gameserver.data.xml.DoorData	DoorData: Loaded 1522 doors.
2025.04.14 16:38:57,744	INFO	1	FenceData	FenceData: Loaded 1 fences.
2025.04.14 16:38:57,753	INFO	1	org.l2jmobius.gameserver.instancemanager.GlobalVariablesManager	GlobalVariablesManager: Loaded 12 variables.
2025.04.14 16:38:57,753	INFO	1	org.l2jmobius.gameserver.GameServer	----------------------------------------------------=[ Data ]
2025.04.14 16:38:57,760	INFO	1	org.l2jmobius.gameserver.data.xml.ActionData	ActionData: Loaded 260 player actions.
2025.04.14 16:38:57,795	INFO	1	org.l2jmobius.gameserver.data.xml.CategoryData	CategoryData: Loaded 218 categories.
2025.04.14 16:38:57,806	INFO	1	org.l2jmobius.gameserver.data.xml.SecondaryAuthData	SecondaryAuthData: Loaded 328 forbidden passwords.
2025.04.14 16:38:58,851	INFO	1	org.l2jmobius.gameserver.data.xml.ItemData	ItemData: Highest item id used: 91162
2025.04.14 16:38:58,858	INFO	1	org.l2jmobius.gameserver.data.xml.ItemData	ItemData: Loaded 22451 Etc Items
2025.04.14 16:38:58,858	INFO	1	org.l2jmobius.gameserver.data.xml.ItemData	ItemData: Loaded 12048 Armor Items
2025.04.14 16:38:58,858	INFO	1	org.l2jmobius.gameserver.data.xml.ItemData	ItemData: Loaded 8917 Weapon Items
2025.04.14 16:38:58,858	INFO	1	org.l2jmobius.gameserver.data.xml.ItemData	ItemData: Loaded 43416 Items in total.
2025.04.14 16:38:58,863	INFO	1	org.l2jmobius.gameserver.data.xml.CombinationItemsData	CombinationItemsData: Loaded 915 combinations.
2025.04.14 16:38:58,870	INFO	1	org.l2jmobius.gameserver.data.xml.SayuneData	SayuneData: Loaded 84 maps.
2025.04.14 16:38:59,328	INFO	1	handlers.DailyMissionMasterHandler	DailyMissionMasterHandler: Loaded 11 handlers.
2025.04.14 16:38:59,343	INFO	1	org.l2jmobius.gameserver.data.xml.DailyMissionData	DailyMissionData: Loaded 46 one day rewards.
2025.04.14 16:38:59,343	INFO	1	org.l2jmobius.gameserver.GameServer	--------------------------------------------------=[ Skills ]
2025.04.14 16:39:00,665	INFO	1	handlers.EffectMasterHandler	EffectMasterHandler: Loaded 380 effect handlers.
2025.04.14 16:39:00,671	INFO	1	org.l2jmobius.gameserver.data.xml.EnchantSkillGroupsData	EnchantSkillGroupsData: Loaded 20 enchant routes, max enchant set to 20.
2025.04.14 16:39:02,930	INFO	1	org.l2jmobius.gameserver.data.xml.SkillData	SkillData: Loaded 152730 Skills.
2025.04.14 16:39:03,271	INFO	1	org.l2jmobius.gameserver.data.xml.SkillTreeData	SkillTreeData: Loaded 34061 Class skills for 155 class skill trees.
2025.04.14 16:39:03,271	INFO	1	org.l2jmobius.gameserver.data.xml.SkillTreeData	SkillTreeData: Loaded 24 sub-class skills.
2025.04.14 16:39:03,271	INFO	1	org.l2jmobius.gameserver.data.xml.SkillTreeData	SkillTreeData: Loaded 25 dual-class skills.
2025.04.14 16:39:03,271	INFO	1	org.l2jmobius.gameserver.data.xml.SkillTreeData	SkillTreeData: Loaded 104 transfer skills for 3 transfer skill trees.
2025.04.14 16:39:03,271	INFO	1	org.l2jmobius.gameserver.data.xml.SkillTreeData	SkillTreeData: Loaded 17 race skills for 7 race skill trees.
2025.04.14 16:39:03,271	INFO	1	org.l2jmobius.gameserver.data.xml.SkillTreeData	SkillTreeData: Loaded 35 fishing skills, 8 Dwarven only fishing skills.
2025.04.14 16:39:03,271	INFO	1	org.l2jmobius.gameserver.data.xml.SkillTreeData	SkillTreeData: Loaded 3 collect skills.
2025.04.14 16:39:03,273	INFO	1	org.l2jmobius.gameserver.data.xml.SkillTreeData	SkillTreeData: Loaded 11 clan skills, 0 for clan and 11 residential.
2025.04.14 16:39:03,274	INFO	1	org.l2jmobius.gameserver.data.xml.SkillTreeData	SkillTreeData: Loaded 0 sub-pledge skills.
2025.04.14 16:39:03,274	INFO	1	org.l2jmobius.gameserver.data.xml.SkillTreeData	SkillTreeData: Loaded 32 transform skills.
2025.04.14 16:39:03,274	INFO	1	org.l2jmobius.gameserver.data.xml.SkillTreeData	SkillTreeData: Loaded 21 noble skills.
2025.04.14 16:39:03,274	INFO	1	org.l2jmobius.gameserver.data.xml.SkillTreeData	SkillTreeData: Loaded 5 hero skills.
2025.04.14 16:39:03,274	INFO	1	org.l2jmobius.gameserver.data.xml.SkillTreeData	SkillTreeData: Loaded 61 game master skills.
2025.04.14 16:39:03,274	INFO	1	org.l2jmobius.gameserver.data.xml.SkillTreeData	SkillTreeData: Loaded 61 game master aura skills.
2025.04.14 16:39:03,274	INFO	1	org.l2jmobius.gameserver.data.xml.SkillTreeData	SkillTreeData: Loaded 123 ability skills.
2025.04.14 16:39:03,274	INFO	1	org.l2jmobius.gameserver.data.xml.SkillTreeData	SkillTreeData: Loaded 112 alchemy skills.
2025.04.14 16:39:03,274	INFO	1	org.l2jmobius.gameserver.data.xml.SkillTreeData	SkillTreeData: Loaded 36 class awaken save skills.
2025.04.14 16:39:03,274	INFO	1	org.l2jmobius.gameserver.data.xml.SkillTreeData	SkillTreeData: Loaded 20 Revelation skills.
2025.04.14 16:39:03,275	INFO	1	org.l2jmobius.gameserver.data.xml.SkillTreeData	SkillTreeData: Loaded 26 common skills.
2025.04.14 16:39:03,285	INFO	1	org.l2jmobius.gameserver.data.xml.PetSkillData	PetSkillData: Loaded 1076 skills.
2025.04.14 16:39:03,285	INFO	1	org.l2jmobius.gameserver.GameServer	---------------------------------------------------=[ Items ]
2025.04.14 16:39:03,327	INFO	1	org.l2jmobius.gameserver.data.xml.EnchantItemGroupsData	EnchantItemGroupsData: Loaded 4 item group templates.
2025.04.14 16:39:03,327	INFO	1	org.l2jmobius.gameserver.data.xml.EnchantItemGroupsData	EnchantItemGroupsData: Loaded 1 scroll group templates.
2025.04.14 16:39:03,327	INFO	1	org.l2jmobius.gameserver.data.xml.EnchantItemGroupsData	EnchantItemGroupsData: Max weapon enchant is set to 30.
2025.04.14 16:39:03,327	INFO	1	org.l2jmobius.gameserver.data.xml.EnchantItemGroupsData	EnchantItemGroupsData: Max armor enchant is set to 30.
2025.04.14 16:39:03,327	INFO	1	org.l2jmobius.gameserver.data.xml.EnchantItemGroupsData	EnchantItemGroupsData: Max accessory enchant is set to 30.
2025.04.14 16:39:03,333	INFO	1	org.l2jmobius.gameserver.data.xml.EnchantItemData	EnchantItemData: Loaded 255 enchant scrolls.
2025.04.14 16:39:03,333	INFO	1	org.l2jmobius.gameserver.data.xml.EnchantItemData	EnchantItemData: Loaded 100 support items.
2025.04.14 16:39:03,896	INFO	1	org.l2jmobius.gameserver.data.xml.OptionData	OptionData: Loaded 38524 options.
2025.04.14 16:39:03,905	INFO	1	org.l2jmobius.gameserver.data.xml.EnchantItemOptionsData	EnchantItemOptionsData: Loaded 99 items and 2073 options.
2025.04.14 16:39:03,910	INFO	1	org.l2jmobius.commons.util.IXmlReader	ElementalAttributeData: Loaded 139 elemental attribute items.
2025.04.14 16:39:03,917	INFO	1	org.l2jmobius.gameserver.data.xml.ItemCrystallizationData	ItemCrystallizationData: Loaded 13 crystallization templates.
2025.04.14 16:39:03,917	INFO	1	org.l2jmobius.gameserver.data.xml.ItemCrystallizationData	ItemCrystallizationData: Loaded 279 pre-defined crystallizable items.
2025.04.14 16:39:03,926	INFO	1	org.l2jmobius.gameserver.data.xml.ItemCrystallizationData	ItemCrystallizationData: Generated 5985 crystallizable items from templates.
2025.04.14 16:39:03,972	INFO	1	VariationData	VariationData: Loaded 122 variations.
2025.04.14 16:39:03,972	INFO	1	VariationData	VariationData: Loaded 4788 fees.
2025.04.14 16:39:03,982	INFO	1	org.l2jmobius.gameserver.data.xml.EnsoulData	EnsoulData: Loaded 11 fees.
2025.04.14 16:39:03,982	INFO	1	org.l2jmobius.gameserver.data.xml.EnsoulData	EnsoulData: Loaded 812 options.
2025.04.14 16:39:03,982	INFO	1	org.l2jmobius.gameserver.data.xml.EnsoulData	EnsoulData: Loaded 114 stones.
2025.04.14 16:39:03,983	INFO	1	org.l2jmobius.gameserver.data.xml.EnchantItemHPBonusData	EnchantItemHPBonusData: Loaded 12 enchant HP bonuses.
2025.04.14 16:39:04,500	INFO	1	org.l2jmobius.gameserver.data.xml.BuyListData	BuyListData: Loaded 910 buyLists.
2025.04.14 16:39:05,009	INFO	1	org.l2jmobius.gameserver.data.xml.MultisellData	MultisellData: Loaded 545 multisell lists.
2025.04.14 16:39:05,026	INFO	1	org.l2jmobius.gameserver.data.xml.EquipmentUpgradeData	EquipmentUpgradeData: Loaded 3821 upgrade equipment data.
2025.04.14 16:39:05,041	INFO	1	org.l2jmobius.gameserver.data.xml.AgathionData	AgathionData: Loaded 420 agathion data.
2025.04.14 16:39:05,085	INFO	1	org.l2jmobius.gameserver.data.xml.RecipeData	RecipeData: Loaded 1678 recipes.
2025.04.14 16:39:05,110	INFO	1	org.l2jmobius.gameserver.data.xml.ArmorSetData	ArmorSetData: Loaded 322 armor sets.
2025.04.14 16:39:05,113	INFO	1	org.l2jmobius.gameserver.data.xml.FishingData	FishingData: Loaded 7 bait and 14 rod data.
2025.04.14 16:39:05,138	INFO	1	org.l2jmobius.gameserver.data.xml.HennaData	HennaData: Loaded 461 henna data.
2025.04.14 16:39:05,144	INFO	1	org.l2jmobius.gameserver.data.xml.PrimeShopData	PrimeShopData: Loaded 99 items.
2025.04.14 16:39:05,158	INFO	1	org.l2jmobius.gameserver.data.xml.AppearanceItemData	AppearanceItemData: Loaded 1225 stones.
2025.04.14 16:39:05,162	INFO	1	org.l2jmobius.gameserver.data.xml.AlchemyData	AlchemyData: Loaded 114 alchemy craft skills.
2025.04.14 16:39:05,168	INFO	1	org.l2jmobius.commons.util.IXmlReader	LuckyGameData: Loaded 2 lucky game data.
2025.04.14 16:39:05,169	INFO	1	org.l2jmobius.gameserver.data.xml.AttendanceRewardData	AttendanceRewardData: Disabled.
2025.04.14 16:39:05,169	INFO	1	org.l2jmobius.gameserver.GameServer	----------------------------------------------=[ Characters ]
2025.04.14 16:39:05,171	INFO	1	org.l2jmobius.gameserver.data.xml.ClassListData	ClassListData: Loaded 155 class data.
2025.04.14 16:39:05,173	INFO	1	org.l2jmobius.gameserver.data.xml.InitialEquipmentData	InitialEquipmentData: Loaded 23 initial equipment data.
2025.04.14 16:39:05,175	INFO	1	org.l2jmobius.gameserver.data.xml.InitialShortcutData	InitialShortcutData: Loaded 5 initial global shortcuts data.
2025.04.14 16:39:05,175	INFO	1	org.l2jmobius.gameserver.data.xml.InitialShortcutData	InitialShortcutData: Loaded 5 initial shortcuts data.
2025.04.14 16:39:05,175	INFO	1	org.l2jmobius.gameserver.data.xml.InitialShortcutData	InitialShortcutData: Loaded 0 macro presets.
2025.04.14 16:39:05,177	INFO	1	org.l2jmobius.gameserver.data.xml.ExperienceData	ExperienceData: Loaded 121 levels.
2025.04.14 16:39:05,177	INFO	1	org.l2jmobius.gameserver.data.xml.ExperienceData	ExperienceData: Max Player Level is 120.
2025.04.14 16:39:05,177	INFO	1	org.l2jmobius.gameserver.data.xml.ExperienceData	ExperienceData: Max Pet Level is 120.
2025.04.14 16:39:05,180	INFO	1	org.l2jmobius.gameserver.data.xml.KarmaData	KarmaData: Loaded 120 karma modifiers.
2025.04.14 16:39:05,181	INFO	1	org.l2jmobius.gameserver.data.xml.HitConditionBonusData	HitConditionBonusData: Loaded hit condition bonuses.
2025.04.14 16:39:05,439	INFO	1	org.l2jmobius.gameserver.data.xml.PlayerTemplateData	PlayerTemplateData: Loaded 155 character templates.
2025.04.14 16:39:05,440	INFO	1	org.l2jmobius.gameserver.data.xml.PlayerTemplateData	PlayerTemplateData: Loaded 111600 level up gain records.
2025.04.14 16:39:05,441	INFO	1	org.l2jmobius.gameserver.data.sql.CharInfoTable	CharInfoTable: Loaded 5 char names.
2025.04.14 16:39:05,442	INFO	1	org.l2jmobius.gameserver.data.sql.PartyMatchingHistoryTable	PartyMatchingHistoryTable: Loaded 0 party matching history data.
2025.04.14 16:39:05,445	INFO	1	org.l2jmobius.gameserver.data.xml.AdminData	AdminData: Loaded 10 access levels.
2025.04.14 16:39:05,447	INFO	1	org.l2jmobius.gameserver.data.xml.AdminData	AdminData: Loaded 497 access commands.
2025.04.14 16:39:05,715	INFO	1	org.l2jmobius.gameserver.data.xml.PetDataTable	PetDataTable: Loaded 56 pets.
2025.04.14 16:39:05,741	INFO	1	org.l2jmobius.gameserver.data.xml.CubicData	CubicData: Loaded 25 cubics.
2025.04.14 16:39:05,749	INFO	1	org.l2jmobius.gameserver.GameServer	PremiumManager: Premium system is enabled.
2025.04.14 16:39:05,749	INFO	1	org.l2jmobius.gameserver.GameServer	---------------------------------------------------=[ Clans ]
2025.04.14 16:39:05,751	INFO	1	org.l2jmobius.gameserver.data.xml.ClanLevelData	ClanLevelData: Loaded 15 clan level data.
2025.04.14 16:39:05,756	INFO	1	org.l2jmobius.gameserver.communitybbs.Manager.ForumsBBSManager	ForumsBBSManager: Loaded 4 forums. Last forum id used: 4
2025.04.14 16:39:05,756	INFO	1	org.l2jmobius.gameserver.data.sql.ClanTable	ClanTable: Restored 0 clans from the database.
2025.04.14 16:39:05,759	INFO	1	org.l2jmobius.gameserver.data.xml.ResidenceFunctionsData	ResidenceFunctionsData: Loaded 8 functions.
2025.04.14 16:39:05,810	INFO	1	org.l2jmobius.gameserver.data.xml.ClanHallData	ClanHallData: Succesfully loaded 57 clan halls.
2025.04.14 16:39:05,811	INFO	1	org.l2jmobius.gameserver.instancemanager.ClanHallAuctionManager	ClanHallAuctionManager: Clan Hall Auction has started!
2025.04.14 16:39:05,820	INFO	1	org.l2jmobius.gameserver.instancemanager.ClanEntryManager	ClanEntryManager: Loaded 0 clan entries.
2025.04.14 16:39:05,820	INFO	1	org.l2jmobius.gameserver.instancemanager.ClanEntryManager	ClanEntryManager: Loaded 0 players in waiting list.
2025.04.14 16:39:05,821	INFO	1	org.l2jmobius.gameserver.instancemanager.ClanEntryManager	ClanEntryManager: Loaded 0 player applications.
2025.04.14 16:39:05,823	INFO	1	org.l2jmobius.gameserver.data.xml.ClanMasteryData	ClanMasteryData: Loaded 16 clan masteries.
2025.04.14 16:39:05,826	INFO	1	org.l2jmobius.gameserver.data.xml.ClanShopData	ClanShopData: Loaded 13 clan shop products.
2025.04.14 16:39:05,826	INFO	1	org.l2jmobius.gameserver.GameServer	-------------------------------------------------=[ Geodata ]
2025.04.14 16:39:07,876	INFO	1	org.l2jmobius.gameserver.geoengine.GeoEngine	GeoEngine: Loaded 233 regions.
2025.04.14 16:39:07,876	INFO	1	org.l2jmobius.gameserver.GameServer	----------------------------------------------------=[ NPCs ]
2025.04.14 16:39:09,059	INFO	1	org.l2jmobius.gameserver.data.xml.NpcData	NpcData: Loaded 14920 NPCs.
2025.04.14 16:39:09,070	INFO	1	org.l2jmobius.gameserver.data.xml.NpcData	NpcData: Loaded 28 custom NPCs.
2025.04.14 16:39:09,071	INFO	1	org.l2jmobius.gameserver.data.xml.FakePlayerData	FakePlayerData: Disabled.
2025.04.14 16:39:09,072	INFO	1	org.l2jmobius.gameserver.instancemanager.FakePlayerChatManager	FakePlayerChatManager: Disabled.
2025.04.14 16:39:09,514	INFO	1	org.l2jmobius.gameserver.data.xml.SpawnData	SpawnData: Loaded 45290 spawns
2025.04.14 16:39:09,520	INFO	1	org.l2jmobius.gameserver.data.xml.MonsterBookData	MonsterBookData: Loaded 165 monster data.
2025.04.14 16:39:09,530	INFO	1	org.l2jmobius.gameserver.instancemanager.WalkingManager	WalkingManager: Loaded 197 walking routes.
2025.04.14 16:39:09,537	INFO	1	org.l2jmobius.gameserver.data.xml.StaticObjectData	StaticObjectData: Loaded 86 static object templates.
2025.04.14 16:39:09,545	INFO	1	org.l2jmobius.gameserver.model.itemauction.ItemAuctionInstance	ItemAuctionInstance: Loaded 21 item(s) and registered 3 auction(s) for instance 34328
2025.04.14 16:39:09,547	INFO	1	org.l2jmobius.gameserver.model.itemauction.ItemAuctionInstance	ItemAuctionInstance: Schedule next auction 3 on 17:00:00 19.04.25 for instance 34328
2025.04.14 16:39:09,548	INFO	1	org.l2jmobius.gameserver.instancemanager.ItemAuctionManager	ItemAuctionManager: Loaded 1 instances.
2025.04.14 16:39:09,563	INFO	1	org.l2jmobius.gameserver.instancemanager.CastleManager	CastleManager: Loaded 9 castles.
2025.04.14 16:39:09,565	INFO	1	org.l2jmobius.gameserver.instancemanager.GrandBossManager	GrandBossManager: 法利昂(19740) status is 0
2025.04.14 16:39:09,565	INFO	1	org.l2jmobius.gameserver.instancemanager.GrandBossManager	GrandBossManager: 凱爾烈光(26124) status is 0
2025.04.14 16:39:09,566	INFO	1	org.l2jmobius.gameserver.instancemanager.GrandBossManager	GrandBossManager: 巨蟻女王(29001) status is 0
2025.04.14 16:39:09,566	INFO	1	org.l2jmobius.gameserver.instancemanager.GrandBossManager	GrandBossManager: 核心(29006) status is 0
2025.04.14 16:39:09,566	INFO	1	org.l2jmobius.gameserver.instancemanager.GrandBossManager	GrandBossManager: 巴溫(29020) status is 0
2025.04.14 16:39:09,566	INFO	1	org.l2jmobius.gameserver.instancemanager.GrandBossManager	GrandBossManager: 巴拉卡斯(29028) status is 0
2025.04.14 16:39:09,566	INFO	1	org.l2jmobius.gameserver.instancemanager.GrandBossManager	GrandBossManager: 安塔瑞斯(29068) status is 0
2025.04.14 16:39:09,566	INFO	1	org.l2jmobius.gameserver.instancemanager.GrandBossManager	GrandBossManager: 巴列斯(29118) status is 0
2025.04.14 16:39:09,566	INFO	1	org.l2jmobius.gameserver.instancemanager.GrandBossManager	GrandBossManager: 地蟲 特拉斯肯(29197) status is 0
2025.04.14 16:39:09,566	INFO	1	org.l2jmobius.gameserver.instancemanager.GrandBossManager	GrandBossManager: 林德拜爾(29240) status is 0
2025.04.14 16:39:09,566	INFO	1	org.l2jmobius.gameserver.instancemanager.GrandBossManager	GrandBossManager: 赫利奧斯(29305) status is 0
2025.04.14 16:39:09,566	INFO	1	org.l2jmobius.gameserver.instancemanager.GrandBossManager	GrandBossManager: 奧爾芬(29325) status is 0
2025.04.14 16:39:09,566	INFO	1	org.l2jmobius.gameserver.instancemanager.GrandBossManager	GrandBossManager: 莉莉絲(29336) status is 0
2025.04.14 16:39:09,566	INFO	1	org.l2jmobius.gameserver.instancemanager.GrandBossManager	GrandBossManager: 亞納(29348) status is 0
2025.04.14 16:39:09,566	INFO	1	org.l2jmobius.gameserver.instancemanager.GrandBossManager	GrandBossManager: Loaded 14 instances.
2025.04.14 16:39:09,566	INFO	1	org.l2jmobius.gameserver.GameServer	------------------------------------------------=[ Instance ]
2025.04.14 16:39:09,569	INFO	1	org.l2jmobius.gameserver.instancemanager.InstanceManager	InstanceManager: Loaded 293 instance names.
2025.04.14 16:39:09,742	INFO	1	org.l2jmobius.gameserver.instancemanager.InstanceManager	InstanceManager: Loaded 175 instance templates.
2025.04.14 16:39:09,743	INFO	1	org.l2jmobius.gameserver.instancemanager.InstanceManager	InstanceManager: Loaded instance reenter times for 0 players.
2025.04.14 16:39:09,743	INFO	1	org.l2jmobius.gameserver.GameServer	------------------------------------------------=[ Olympiad ]
2025.04.14 16:39:09,746	INFO	1	org.l2jmobius.gameserver.model.olympiad.Olympiad	Olympiad System: Loading....
2025.04.14 16:39:09,747	INFO	1	org.l2jmobius.gameserver.model.olympiad.Olympiad	Olympiad System: Currently in Olympiad Period
2025.04.14 16:39:09,747	INFO	1	org.l2jmobius.gameserver.model.olympiad.Olympiad	Olympiad System: 15 days, 19 hours and 20 mins until period ends.
2025.04.14 16:39:09,747	INFO	1	org.l2jmobius.gameserver.model.olympiad.Olympiad	Olympiad System: Next weekly change is in 0 days, 1 hours and 19 mins.
2025.04.14 16:39:09,747	INFO	1	org.l2jmobius.gameserver.model.olympiad.Olympiad	Olympiad System: Loaded 0 Nobles
2025.04.14 16:39:09,748	INFO	1	org.l2jmobius.gameserver.model.olympiad.Olympiad	Olympiad System: Competition Period Starts in 4 days, 3 hours and 21 mins.
2025.04.14 16:39:09,754	INFO	1	org.l2jmobius.gameserver.model.olympiad.Olympiad	Olympiad System: Event starts/started: Fri Apr 18 20:00:09 CST 2025
2025.04.14 16:39:09,755	INFO	1	org.l2jmobius.gameserver.model.olympiad.Hero	Hero System: Loaded 0 Heroes.
2025.04.14 16:39:09,755	INFO	1	org.l2jmobius.gameserver.model.olympiad.Hero	Hero System: Loaded 0 all time Heroes.
2025.04.14 16:39:09,755	INFO	1	org.l2jmobius.gameserver.GameServer	---------------------------------------------------=[ Cache ]
2025.04.14 16:39:09,756	INFO	1	org.l2jmobius.gameserver.cache.HtmCache	Html cache start...
2025.04.14 16:39:11,097	INFO	1	org.l2jmobius.gameserver.cache.HtmCache	Cache[HTML]: 6.478 megabytes on 14001 files loaded.
2025.04.14 16:39:11,098	INFO	1	org.l2jmobius.gameserver.data.sql.CrestTable	CrestTable: Loaded 0 Crests.
2025.04.14 16:39:15,424	INFO	1	org.l2jmobius.gameserver.data.xml.TeleporterData	TeleporterData: Loaded 175 npc teleporters.
2025.04.14 16:39:15,429	INFO	1	org.l2jmobius.gameserver.instancemanager.CursedWeaponsManager	CursedWeaponsManager: Loaded 2 cursed weapons.
2025.04.14 16:39:15,653	INFO	1	org.l2jmobius.gameserver.data.xml.TransformData	TransformData: Loaded 174 transform templates.
2025.04.14 16:39:15,660	INFO	1	org.l2jmobius.gameserver.data.BotReportTable	BotReportTable: Loaded 0 bot reports
2025.04.14 16:39:15,663	INFO	1	org.l2jmobius.gameserver.instancemanager.SellBuffsManager	SellBuffsManager: Loaded 147 allowed buffs.
2025.04.14 16:39:15,663	INFO	1	org.l2jmobius.gameserver.GameServer	-------------------------------------------------=[ Scripts ]
2025.04.14 16:39:15,665	INFO	1	org.l2jmobius.gameserver.instancemanager.AirShipManager	AirShipManager: Loaded 0 private airships
2025.04.14 16:39:15,669	INFO	1	org.l2jmobius.gameserver.data.xml.ShuttleData	ShuttleData: Loaded 3 shuttles.
2025.04.14 16:39:15,670	INFO	1	org.l2jmobius.gameserver.data.xml.Itemjc	隨機鍛造加成: 讀取 2 個物品加成數據.
2025.04.14 16:39:15,670	INFO	1	org.l2jmobius.gameserver.GameServer	GameServer: Loading server scripts:
2025.04.14 16:39:16,724	INFO	1	handlers.MasterHandler	Loading Handlers...
2025.04.14 16:39:16,787	INFO	1	handlers.MasterHandler	ActionHandler: Loaded 10 handlers.
2025.04.14 16:39:16,787	INFO	1	handlers.MasterHandler	ActionShiftHandler: Loaded 6 handlers.
2025.04.14 16:39:16,787	INFO	1	handlers.MasterHandler	AdminCommandHandler: Loaded 489 handlers.
2025.04.14 16:39:16,787	INFO	1	handlers.MasterHandler	BypassHandler: Loaded 30 handlers.
2025.04.14 16:39:16,787	INFO	1	handlers.MasterHandler	ChatHandler: Loaded 14 handlers.
2025.04.14 16:39:16,787	INFO	1	handlers.MasterHandler	CommunityBoardHandler: Loaded 25 handlers.
2025.04.14 16:39:16,787	INFO	1	handlers.MasterHandler	ItemHandler: Loaded 32 handlers.
2025.04.14 16:39:16,787	INFO	1	handlers.MasterHandler	PunishmentHandler: Loaded 3 handlers.
2025.04.14 16:39:16,787	INFO	1	handlers.MasterHandler	UserCommandHandler: Loaded 16 handlers.
2025.04.14 16:39:16,787	INFO	1	handlers.MasterHandler	VoicedCommandHandler: Loaded 14 handlers.
2025.04.14 16:39:16,787	INFO	1	handlers.MasterHandler	TargetHandler: Loaded 21 handlers.
2025.04.14 16:39:16,787	INFO	1	handlers.MasterHandler	AffectObjectHandler: Loaded 11 handlers.
2025.04.14 16:39:16,788	INFO	1	handlers.MasterHandler	AffectScopeHandler: Loaded 19 handlers.
2025.04.14 16:39:16,788	INFO	1	handlers.MasterHandler	PlayerActionHandler: Loaded 24 handlers.
2025.04.14 16:39:16,788	INFO	1	handlers.MasterHandler	Handlers Loaded...
2025.04.14 16:39:20,059	INFO	1	ai.areas.FantasyIsle.HandysBlockCheckerEvent	Handy's Block Checker Event is enabled
2025.04.14 16:39:20,062	INFO	1	ai.areas.FantasyIsle.Parade	Fantasy Isle: Parade starting at 2025/04/14 17:20 and is scheduled each next 1 hours.
2025.04.14 16:39:20,067	INFO	1	ai.areas.FantasyIsle.TalentShow	Fantasy Isle: MC show script starting at 15/04/2025 10:13:20 and is scheduled each next 4 hours.
2025.04.14 16:39:20,114	INFO	1	ai.areas.ImperialTomb.FourSepulchers.FourSepulchers	[Four Sepulchers] Loaded 762 spawn zones data.
2025.04.14 16:39:20,199	INFO	1	org.l2jmobius.gameserver.instancemanager.GrandBossManager	GrandBossManager: Updated 亞納(29348) status to 0.
2025.04.14 16:39:20,225	INFO	1	org.l2jmobius.gameserver.instancemanager.GrandBossManager	GrandBossManager: Updated 耶提斯 潘 艾帝納(29318) status to 0.
2025.04.14 16:39:20,233	INFO	1	org.l2jmobius.gameserver.instancemanager.GrandBossManager	GrandBossManager: Updated 法利昂(19740) status to 0.
2025.04.14 16:39:20,241	INFO	1	org.l2jmobius.gameserver.instancemanager.GrandBossManager	GrandBossManager: Updated 赫利奧斯(29305) status to 0.
2025.04.14 16:39:20,250	INFO	1	org.l2jmobius.gameserver.instancemanager.GrandBossManager	GrandBossManager: Updated 莉莉絲(29336) status to 0.
2025.04.14 16:39:20,256	INFO	1	org.l2jmobius.gameserver.instancemanager.GrandBossManager	GrandBossManager: Updated 林德拜爾(29240) status to 0.
2025.04.14 16:39:20,284	INFO	1	ai.bosses.Tiat.Stage1	[Seed of Destruction] Loaded 51 spawn zones data.
2025.04.14 16:39:20,302	INFO	1	org.l2jmobius.gameserver.instancemanager.QuestManager	Replaced script Herphah with a new version!
2025.04.14 16:39:20,310	INFO	1	org.l2jmobius.gameserver.instancemanager.QuestManager	Replaced script Tarti with a new version!
2025.04.14 16:39:20,323	INFO	1	ai.others.ClassMaster.ClassMaster	ClassMaster: Loaded 0 class change options.
2025.04.14 16:39:20,361	INFO	1	ai.others.MentorGuide.MentorGuide	MentorGuide: Loaded 5 mentee coins
2025.04.14 16:39:20,368	INFO	1	ai.others.NpcBuffers.NpcBuffersData	NpcBuffersData: Loaded 6 buffers data.
2025.04.14 16:39:20,416	INFO	1	org.l2jmobius.gameserver.model.quest.Quest	Event Birth of Draco has passed... Ignored 
2025.04.14 16:39:20,424	INFO	1	org.l2jmobius.gameserver.model.quest.Quest	Event Eve the Fortune Teller has passed... Ignored 
2025.04.14 16:39:20,427	INFO	1	org.l2jmobius.gameserver.model.quest.Quest	Event Freya Celebration has passed... Ignored 
2025.04.14 16:39:20,428	INFO	1	org.l2jmobius.gameserver.model.quest.Quest	Event Gift of Vitality has passed... Ignored 
2025.04.14 16:39:20,429	INFO	1	org.l2jmobius.gameserver.model.quest.Quest	Event Halloween has passed... Ignored 
2025.04.14 16:39:20,431	INFO	1	org.l2jmobius.gameserver.model.quest.Quest	Event Happy Hours has passed... Ignored 
2025.04.14 16:39:20,432	INFO	1	org.l2jmobius.gameserver.model.quest.Quest	Event Heavy Medal has passed... Ignored 
2025.04.14 16:39:20,433	INFO	1	org.l2jmobius.gameserver.model.quest.Quest	Event Hungry Horse has passed... Ignored 
2025.04.14 16:39:20,435	INFO	1	org.l2jmobius.gameserver.model.quest.Quest	Event Hunt for Santa has passed... Ignored 
2025.04.14 16:39:20,436	INFO	1	org.l2jmobius.gameserver.model.quest.Quest	Event Letter Collector has passed... Ignored 
2025.04.14 16:39:20,437	INFO	1	org.l2jmobius.gameserver.model.quest.Quest	Event Lovers Jubilee has passed... Ignored 
2025.04.14 16:39:20,439	INFO	1	org.l2jmobius.gameserver.model.quest.Quest	Event Love Your Gatekeeper has passed... Ignored 
2025.04.14 16:39:20,440	INFO	1	org.l2jmobius.gameserver.model.quest.Quest	Event Master of Enchanting has passed... Ignored 
2025.04.14 16:39:20,441	INFO	1	org.l2jmobius.gameserver.model.quest.Quest	Event Red Libra has passed... Ignored 
2025.04.14 16:39:20,443	INFO	1	org.l2jmobius.gameserver.model.quest.Quest	Event Rudolphs Blessing has passed... Ignored 
2025.04.14 16:39:20,454	INFO	1	org.l2jmobius.gameserver.model.quest.Quest	Event Saving Santa has passed... Ignored 
2025.04.14 16:39:20,456	INFO	1	org.l2jmobius.gameserver.model.quest.Quest	Event The Power Of Love has passed... Ignored 
2025.04.14 16:39:20,457	INFO	1	org.l2jmobius.gameserver.model.quest.Quest	Event Training with Dandy has passed... Ignored 
2025.04.14 16:39:20,786	INFO	1	org.l2jmobius.gameserver.data.xml.SpawnData	SpawnData: Initializing spawns...
2025.04.14 16:39:21,076	INFO	1	org.l2jmobius.gameserver.instancemanager.DBSpawnManager	DBSpawnManager: Loaded 263 instances.
2025.04.14 16:39:21,076	INFO	1	org.l2jmobius.gameserver.instancemanager.DBSpawnManager	DBSpawnManager: Scheduled 0 instances.
2025.04.14 16:39:23,595	INFO	1	org.l2jmobius.gameserver.data.xml.SpawnData	SpawnData: All spawns has been initialized!
2025.04.14 16:39:23,595	INFO	1	org.l2jmobius.gameserver.GameServer	---------------------------------------------------=[ Siege ]
2025.04.14 16:39:23,603	INFO	1	org.l2jmobius.gameserver.data.xml.SiegeScheduleData	SiegeScheduleData: Loaded 9 siege schedulers.
2025.04.14 16:39:23,603	INFO	1	org.l2jmobius.gameserver.model.siege.Siege	Siege of 古魯丁: Sun Apr 27 16:00:00 CST 2025
2025.04.14 16:39:23,605	INFO	1	org.l2jmobius.gameserver.model.siege.Siege	Siege of 狄恩: Sun Apr 27 20:00:00 CST 2025
2025.04.14 16:39:23,605	INFO	1	org.l2jmobius.gameserver.model.siege.Siege	Siege of 奇岩: Sun Apr 27 16:00:00 CST 2025
2025.04.14 16:39:23,605	INFO	1	org.l2jmobius.gameserver.model.siege.Siege	Siege of 歐瑞: Sun Apr 27 20:00:00 CST 2025
2025.04.14 16:39:23,605	INFO	1	org.l2jmobius.gameserver.model.siege.Siege	Siege of 亞丁: Sun Apr 27 16:00:00 CST 2025
2025.04.14 16:39:23,605	INFO	1	org.l2jmobius.gameserver.model.siege.Siege	Siege of 因納德立: Sun Apr 27 20:00:00 CST 2025
2025.04.14 16:39:23,606	INFO	1	org.l2jmobius.gameserver.model.siege.Siege	Siege of 高達特: Sun Apr 27 16:00:00 CST 2025
2025.04.14 16:39:23,606	INFO	1	org.l2jmobius.gameserver.model.siege.Siege	Siege of 魯茵: Sun Apr 27 20:00:00 CST 2025
2025.04.14 16:39:23,606	INFO	1	org.l2jmobius.gameserver.model.siege.Siege	Siege of 修加特: Sun Apr 27 16:00:00 CST 2025
2025.04.14 16:39:23,644	INFO	1	org.l2jmobius.gameserver.instancemanager.FortManager	FortManager: Loaded 20 fortress.
2025.04.14 16:39:23,678	INFO	1	org.l2jmobius.gameserver.instancemanager.CastleManorManager	CastleManorManager: Loaded 258 seeds.
2025.04.14 16:39:23,681	INFO	1	org.l2jmobius.gameserver.instancemanager.CastleManorManager	CastleManorManager: Manor data loaded.
2025.04.14 16:39:23,683	INFO	1	org.l2jmobius.gameserver.instancemanager.SiegeGuardManager	SiegeGuardManager: Loaded 0 siege guards tickets.
2025.04.14 16:39:23,683	INFO	1	org.l2jmobius.gameserver.instancemanager.QuestManager	QuestManager: Loaded 566 quests.
2025.04.14 16:39:23,683	INFO	1	org.l2jmobius.gameserver.instancemanager.QuestManager	QuestManager: Loaded 473 scripts.
2025.04.14 16:39:23,689	INFO	1	org.l2jmobius.gameserver.instancemanager.games.KrateisCubeManager	KrateisCubeManager: Loaded 3 arena templates.
2025.04.14 16:39:23,692	INFO	1	org.l2jmobius.gameserver.instancemanager.games.UndergroundColiseumManager	UndergroundColiseumManager: Loaded 5 coliseum arenas.
2025.04.14 16:39:23,693	INFO	1	org.l2jmobius.gameserver.instancemanager.games.UndergroundColiseumManager	UndergroundColiseumManager: Starts at 18/04/2025 21:00:00
2025.04.14 16:39:23,695	INFO	1	org.l2jmobius.gameserver.taskmanager.TaskManager	TaskManager: Loaded 5 Tasks.
2025.04.14 16:39:23,696	INFO	1	org.l2jmobius.gameserver.instancemanager.DailyTaskManager	DailyTaskManager: Next schedule at 15/04 06:30.
2025.04.14 16:39:23,697	INFO	1	org.l2jmobius.gameserver.instancemanager.MailManager	MailManager: Loaded 0 messages.
2025.04.14 16:39:23,698	INFO	1	org.l2jmobius.gameserver.instancemanager.PunishmentManager	PunishmentManager: Loaded 0 active and 0 expired punishments.
2025.04.14 16:39:23,698	INFO	1	org.l2jmobius.gameserver.GameServer	IdManager: Free ObjectID's remaining: 1878991503
2025.04.14 16:39:23,699	INFO	1	org.l2jmobius.gameserver.data.sql.OfflineTraderTable	OfflineTraderTable: Loading offline traders...
2025.04.14 16:39:23,699	INFO	1	org.l2jmobius.gameserver.data.sql.OfflineTraderTable	OfflineTraderTable: Loaded 0 offline traders.
2025.04.14 16:39:24,691	INFO	1	org.l2jmobius.gameserver.GameServer	GameServer: Started, using 2836 of 4096 MB total memory.
2025.04.14 16:39:24,692	INFO	1	org.l2jmobius.gameserver.GameServer	GameServer: Maximum number of connected players is 2000.
2025.04.14 16:39:24,692	INFO	1	org.l2jmobius.gameserver.GameServer	GameServer: Server loaded in 28 seconds.
2025.04.14 16:39:24,706	INFO	174	org.l2jmobius.gameserver.LoginServerThread	LoginServerThread: Connecting to login on 127.0.0.1:9014
2025.04.14 16:39:24,762	INFO	174	org.l2jmobius.gameserver.LoginServerThread	LoginServerThread: Registered on login as Server 2: Sieghardt
2025.04.14 16:39:57,210	WARNING	190	org.l2jmobius.gameserver.model.actor.Creature	Master access level set for character 測試人員! Just a warning to be careful ;)
2025.04.14 16:39:57,230	INFO	190	org.l2jmobius.gameserver.model.actor.Creature	玩家： 測試人員 進入天堂II！
2025.04.14 16:40:08,079	INFO	132	org.l2jmobius.gameserver.cache.HtmCache	Html cache start...
2025.04.14 16:40:08,705	INFO	132	org.l2jmobius.gameserver.cache.HtmCache	Cache[HTML]: 6.620 megabytes on 14001 files loaded.
2025.04.14 16:55:07,590	WARNING	288	org.l2jmobius.gameserver.model.actor.Creature	Master access level set for character 測試人員! Just a warning to be careful ;)
2025.04.14 16:55:07,600	INFO	288	org.l2jmobius.gameserver.model.actor.Creature	玩家： 測試人員 進入天堂II！
2025.04.14 17:09:23,700	INFO	84	org.l2jmobius.gameserver.instancemanager.GlobalVariablesManager	GlobalVariablesManager: Stored 12 variables.
2025.04.14 17:39:23,694	INFO	90	org.l2jmobius.gameserver.instancemanager.GlobalVariablesManager	GlobalVariablesManager: Stored 12 variables.
2025.04.14 18:09:23,696	INFO	93	org.l2jmobius.gameserver.instancemanager.GlobalVariablesManager	GlobalVariablesManager: Stored 12 variables.
2025.04.14 18:37:34,439	WARNING	174	org.l2jmobius.gameserver.LoginServerThread	LoginServerThread: LoginServer not available, trying to reconnect...
