2025.04.14 16:10:20,180	INFO	1	org.l2jmobius.commons.util.IXmlReader	Network Config: ipconfig.xml exists using manual configuration...
2025.04.14 16:10:20,299	INFO	1	org.l2jmobius.Config	Loaded 6 Filter Words.
2025.04.14 16:10:20,333	INFO	1	org.l2jmobius.gameserver.GameServer	------------------------------------------------=[ Database ]
2025.04.14 16:10:20,448	INFO	1	org.l2jmobius.commons.database.DatabaseFactory	Database: HikariCP pool initialized successfully.
2025.04.14 16:10:20,517	INFO	1	org.l2jmobius.commons.database.DatabaseFactory	Database: Initialized with a valid connection.
2025.04.14 16:10:20,522	INFO	1	org.l2jmobius.gameserver.GameServer	----------------------------------------------=[ ThreadPool ]
2025.04.14 16:10:20,523	INFO	1	org.l2jmobius.commons.threads.ThreadPool	ThreadPool: Initialized
2025.04.14 16:10:20,523	INFO	1	org.l2jmobius.commons.threads.ThreadPool	...scheduled pool executor with 16 high priority threads.
2025.04.14 16:10:20,528	INFO	1	org.l2jmobius.commons.threads.ThreadPool	...scheduled pool executor with 64 total threads.
2025.04.14 16:10:20,528	INFO	1	org.l2jmobius.commons.threads.ThreadPool	...instant pool executor with 32 total threads.
2025.04.14 16:10:20,529	INFO	1	org.l2jmobius.gameserver.GameServer	-----------------------------------------------=[ IdManager ]
2025.04.14 16:10:20,531	INFO	1	org.l2jmobius.gameserver.instancemanager.IdManager	Updated characters online status.
2025.04.14 16:10:20,549	INFO	1	org.l2jmobius.gameserver.instancemanager.IdManager	IdManager: Cleaned 0 elements from database in 0 seconds.
2025.04.14 16:10:20,553	INFO	1	org.l2jmobius.gameserver.instancemanager.IdManager	IdManager: Cleaned 0 expired timestamps from database.
2025.04.14 16:10:20,556	INFO	1	org.l2jmobius.gameserver.instancemanager.IdManager	IdManager: 411648 id's available.
2025.04.14 16:10:20,556	INFO	1	org.l2jmobius.gameserver.GameServer	----------------------------------------=[ Scripting Engine ]
2025.04.14 16:10:20,652	INFO	1	org.l2jmobius.gameserver.scripting.ScriptEngineManager	Loaded 814 files to exclude.
2025.04.14 16:10:20,652	INFO	1	org.l2jmobius.gameserver.GameServer	---------------------------------------------------=[ World ]
2025.04.14 16:10:20,757	INFO	1	org.l2jmobius.gameserver.instancemanager.MapRegionManager	MapRegionManager: Loaded 60 map regions.
2025.04.14 16:10:20,762	INFO	1	org.l2jmobius.gameserver.instancemanager.ZoneManager	ZoneManager 19 by 18 Zone Region Grid set up.
2025.04.14 16:10:20,985	INFO	1	org.l2jmobius.gameserver.instancemanager.ZoneManager	ZoneManager: Loaded 33 zone classes and 2931 zones.
2025.04.14 16:10:20,988	INFO	1	org.l2jmobius.gameserver.instancemanager.ZoneManager	ZoneManager: Last static id 210110.
2025.04.14 16:10:21,153	INFO	1	org.l2jmobius.gameserver.data.xml.DoorData	DoorData: Loaded 1522 doors.
2025.04.14 16:10:21,160	INFO	1	FenceData	FenceData: Loaded 1 fences.
2025.04.14 16:10:21,167	INFO	1	org.l2jmobius.gameserver.instancemanager.GlobalVariablesManager	GlobalVariablesManager: Loaded 12 variables.
2025.04.14 16:10:21,167	INFO	1	org.l2jmobius.gameserver.GameServer	----------------------------------------------------=[ Data ]
2025.04.14 16:10:21,174	INFO	1	org.l2jmobius.gameserver.data.xml.ActionData	ActionData: Loaded 260 player actions.
2025.04.14 16:10:21,206	INFO	1	org.l2jmobius.gameserver.data.xml.CategoryData	CategoryData: Loaded 218 categories.
2025.04.14 16:10:21,215	INFO	1	org.l2jmobius.gameserver.data.xml.SecondaryAuthData	SecondaryAuthData: Loaded 328 forbidden passwords.
2025.04.14 16:10:22,325	INFO	1	org.l2jmobius.gameserver.data.xml.ItemData	ItemData: Highest item id used: 91162
2025.04.14 16:10:22,339	INFO	1	org.l2jmobius.gameserver.data.xml.ItemData	ItemData: Loaded 22451 Etc Items
2025.04.14 16:10:22,339	INFO	1	org.l2jmobius.gameserver.data.xml.ItemData	ItemData: Loaded 12048 Armor Items
2025.04.14 16:10:22,340	INFO	1	org.l2jmobius.gameserver.data.xml.ItemData	ItemData: Loaded 8917 Weapon Items
2025.04.14 16:10:22,340	INFO	1	org.l2jmobius.gameserver.data.xml.ItemData	ItemData: Loaded 43416 Items in total.
2025.04.14 16:10:22,348	INFO	1	org.l2jmobius.gameserver.data.xml.CombinationItemsData	CombinationItemsData: Loaded 915 combinations.
2025.04.14 16:10:22,360	INFO	1	org.l2jmobius.gameserver.data.xml.SayuneData	SayuneData: Loaded 84 maps.
2025.04.14 16:10:22,852	INFO	1	handlers.DailyMissionMasterHandler	DailyMissionMasterHandler: Loaded 11 handlers.
2025.04.14 16:10:22,862	INFO	1	org.l2jmobius.gameserver.data.xml.DailyMissionData	DailyMissionData: Loaded 46 one day rewards.
2025.04.14 16:10:22,862	INFO	1	org.l2jmobius.gameserver.GameServer	--------------------------------------------------=[ Skills ]
2025.04.14 16:10:23,839	WARNING	49	org.l2jmobius.gameserver.Shutdown	Server scheduled restart issued shutdown command. Shutdown in 1 seconds!
2025.04.14 16:10:24,341	INFO	1	handlers.EffectMasterHandler	EffectMasterHandler: Loaded 380 effect handlers.
2025.04.14 16:10:24,352	INFO	1	org.l2jmobius.gameserver.data.xml.EnchantSkillGroupsData	EnchantSkillGroupsData: Loaded 20 enchant routes, max enchant set to 20.
2025.04.14 16:10:25,682	WARNING	156	org.l2jmobius.gameserver.Shutdown	GM shutdown countdown is over. shutting down NOW!
2025.04.14 16:10:25,684	INFO	156	org.l2jmobius.gameserver.Shutdown	All players disconnected and saved(0ms).
2025.04.14 16:10:25,684	INFO	156	org.l2jmobius.gameserver.Shutdown	Game Time Task Manager: Thread interruped(1ms).
2025.04.14 16:10:25,684	INFO	156	org.l2jmobius.commons.threads.ThreadPool	ThreadPool: Shutting down.
2025.04.14 16:10:25,688	INFO	156	org.l2jmobius.gameserver.Shutdown	Thread Pool Manager: Manager has been shut down(4ms).
2025.04.14 16:10:25,688	INFO	156	org.l2jmobius.gameserver.Shutdown	Login Server Thread: Thread interruped(0ms).
2025.04.14 16:10:25,688	INFO	156	org.l2jmobius.gameserver.Shutdown	GM shutdown received. Shutting down NOW!
2025.04.14 16:10:26,300	INFO	1	org.l2jmobius.gameserver.data.xml.SkillData	SkillData: Loaded 152730 Skills.
2025.04.14 16:10:26,641	INFO	1	org.l2jmobius.gameserver.data.xml.SkillTreeData	SkillTreeData: Loaded 34061 Class skills for 155 class skill trees.
2025.04.14 16:10:26,642	INFO	1	org.l2jmobius.gameserver.data.xml.SkillTreeData	SkillTreeData: Loaded 24 sub-class skills.
2025.04.14 16:10:26,642	INFO	1	org.l2jmobius.gameserver.data.xml.SkillTreeData	SkillTreeData: Loaded 25 dual-class skills.
2025.04.14 16:10:26,642	INFO	1	org.l2jmobius.gameserver.data.xml.SkillTreeData	SkillTreeData: Loaded 104 transfer skills for 3 transfer skill trees.
2025.04.14 16:10:26,642	INFO	1	org.l2jmobius.gameserver.data.xml.SkillTreeData	SkillTreeData: Loaded 17 race skills for 7 race skill trees.
2025.04.14 16:10:26,642	INFO	1	org.l2jmobius.gameserver.data.xml.SkillTreeData	SkillTreeData: Loaded 35 fishing skills, 8 Dwarven only fishing skills.
2025.04.14 16:10:26,642	INFO	1	org.l2jmobius.gameserver.data.xml.SkillTreeData	SkillTreeData: Loaded 3 collect skills.
2025.04.14 16:10:26,644	INFO	1	org.l2jmobius.gameserver.data.xml.SkillTreeData	SkillTreeData: Loaded 11 clan skills, 0 for clan and 11 residential.
2025.04.14 16:10:26,644	INFO	1	org.l2jmobius.gameserver.data.xml.SkillTreeData	SkillTreeData: Loaded 0 sub-pledge skills.
2025.04.14 16:10:26,644	INFO	1	org.l2jmobius.gameserver.data.xml.SkillTreeData	SkillTreeData: Loaded 32 transform skills.
2025.04.14 16:10:26,644	INFO	1	org.l2jmobius.gameserver.data.xml.SkillTreeData	SkillTreeData: Loaded 21 noble skills.
2025.04.14 16:10:26,644	INFO	1	org.l2jmobius.gameserver.data.xml.SkillTreeData	SkillTreeData: Loaded 5 hero skills.
2025.04.14 16:10:26,644	INFO	1	org.l2jmobius.gameserver.data.xml.SkillTreeData	SkillTreeData: Loaded 61 game master skills.
2025.04.14 16:10:26,645	INFO	1	org.l2jmobius.gameserver.data.xml.SkillTreeData	SkillTreeData: Loaded 61 game master aura skills.
2025.04.14 16:10:26,645	INFO	1	org.l2jmobius.gameserver.data.xml.SkillTreeData	SkillTreeData: Loaded 123 ability skills.
2025.04.14 16:10:26,645	INFO	1	org.l2jmobius.gameserver.data.xml.SkillTreeData	SkillTreeData: Loaded 112 alchemy skills.
2025.04.14 16:10:26,645	INFO	1	org.l2jmobius.gameserver.data.xml.SkillTreeData	SkillTreeData: Loaded 36 class awaken save skills.
2025.04.14 16:10:26,645	INFO	1	org.l2jmobius.gameserver.data.xml.SkillTreeData	SkillTreeData: Loaded 20 Revelation skills.
2025.04.14 16:10:26,645	INFO	1	org.l2jmobius.gameserver.data.xml.SkillTreeData	SkillTreeData: Loaded 26 common skills.
2025.04.14 16:10:26,654	INFO	1	org.l2jmobius.gameserver.data.xml.PetSkillData	PetSkillData: Loaded 1076 skills.
2025.04.14 16:10:26,655	INFO	1	org.l2jmobius.gameserver.GameServer	---------------------------------------------------=[ Items ]
2025.04.14 16:10:26,689	INFO	1	org.l2jmobius.gameserver.data.xml.EnchantItemGroupsData	EnchantItemGroupsData: Loaded 4 item group templates.
2025.04.14 16:10:26,690	INFO	1	org.l2jmobius.gameserver.data.xml.EnchantItemGroupsData	EnchantItemGroupsData: Loaded 1 scroll group templates.
2025.04.14 16:10:26,690	INFO	1	org.l2jmobius.gameserver.data.xml.EnchantItemGroupsData	EnchantItemGroupsData: Max weapon enchant is set to 30.
2025.04.14 16:10:26,690	INFO	1	org.l2jmobius.gameserver.data.xml.EnchantItemGroupsData	EnchantItemGroupsData: Max armor enchant is set to 30.
2025.04.14 16:10:26,690	INFO	1	org.l2jmobius.gameserver.data.xml.EnchantItemGroupsData	EnchantItemGroupsData: Max accessory enchant is set to 30.
2025.04.14 16:10:26,695	INFO	1	org.l2jmobius.gameserver.data.xml.EnchantItemData	EnchantItemData: Loaded 255 enchant scrolls.
2025.04.14 16:10:26,696	INFO	1	org.l2jmobius.gameserver.data.xml.EnchantItemData	EnchantItemData: Loaded 100 support items.
2025.04.14 16:10:27,625	INFO	1	org.l2jmobius.gameserver.data.xml.OptionData	OptionData: Loaded 38524 options.
2025.04.14 16:10:27,638	INFO	1	org.l2jmobius.gameserver.data.xml.EnchantItemOptionsData	EnchantItemOptionsData: Loaded 99 items and 2073 options.
2025.04.14 16:10:27,644	INFO	1	org.l2jmobius.commons.util.IXmlReader	ElementalAttributeData: Loaded 139 elemental attribute items.
2025.04.14 16:10:27,709	INFO	1	org.l2jmobius.gameserver.data.xml.ItemCrystallizationData	ItemCrystallizationData: Loaded 13 crystallization templates.
2025.04.14 16:10:27,710	INFO	1	org.l2jmobius.gameserver.data.xml.ItemCrystallizationData	ItemCrystallizationData: Loaded 279 pre-defined crystallizable items.
2025.04.14 16:10:28,006	INFO	1	org.l2jmobius.gameserver.data.xml.ItemCrystallizationData	ItemCrystallizationData: Generated 5985 crystallizable items from templates.
2025.04.14 16:10:28,740	INFO	1	VariationData	VariationData: Loaded 122 variations.
2025.04.14 16:10:28,741	INFO	1	VariationData	VariationData: Loaded 4788 fees.
2025.04.14 16:10:28,768	INFO	1	org.l2jmobius.gameserver.data.xml.EnsoulData	EnsoulData: Loaded 11 fees.
2025.04.14 16:10:28,768	INFO	1	org.l2jmobius.gameserver.data.xml.EnsoulData	EnsoulData: Loaded 812 options.
2025.04.14 16:10:28,768	INFO	1	org.l2jmobius.gameserver.data.xml.EnsoulData	EnsoulData: Loaded 114 stones.
2025.04.14 16:10:28,771	INFO	1	org.l2jmobius.gameserver.data.xml.EnchantItemHPBonusData	EnchantItemHPBonusData: Loaded 12 enchant HP bonuses.
2025.04.14 16:10:29,118	INFO	156	org.l2jmobius.gameserver.data.xml.NpcData	NpcData: Loaded 14920 NPCs.
2025.04.14 16:10:29,141	INFO	156	org.l2jmobius.gameserver.data.xml.NpcData	NpcData: Loaded 28 custom NPCs.
2025.04.14 16:10:29,648	INFO	1	org.l2jmobius.gameserver.data.xml.BuyListData	BuyListData: Loaded 910 buyLists.
2025.04.14 16:10:30,422	INFO	156	org.l2jmobius.gameserver.data.xml.SpawnData	SpawnData: Loaded 45290 spawns
2025.04.14 16:10:30,549	INFO	156	org.l2jmobius.gameserver.instancemanager.InstanceManager	InstanceManager: Loaded 293 instance names.
2025.04.14 16:10:30,966	INFO	156	org.l2jmobius.gameserver.instancemanager.InstanceManager	InstanceManager: Loaded 175 instance templates.
2025.04.14 16:10:30,985	INFO	156	org.l2jmobius.gameserver.instancemanager.InstanceManager	InstanceManager: Loaded instance reenter times for 0 players.
2025.04.14 16:10:31,033	INFO	156	org.l2jmobius.gameserver.instancemanager.WalkingManager	WalkingManager: Loaded 197 walking routes.
2025.04.14 16:10:31,281	INFO	1	org.l2jmobius.gameserver.data.xml.MultisellData	MultisellData: Loaded 545 multisell lists.
2025.04.14 16:10:31,334	INFO	1	org.l2jmobius.gameserver.data.xml.EquipmentUpgradeData	EquipmentUpgradeData: Loaded 3821 upgrade equipment data.
2025.04.14 16:10:31,471	INFO	1	org.l2jmobius.gameserver.data.xml.AgathionData	AgathionData: Loaded 420 agathion data.
2025.04.14 16:10:32,306	INFO	1	org.l2jmobius.gameserver.data.xml.RecipeData	RecipeData: Loaded 1678 recipes.
2025.04.14 16:10:32,422	INFO	1	org.l2jmobius.gameserver.data.xml.ArmorSetData	ArmorSetData: Loaded 322 armor sets.
2025.04.14 16:10:32,440	INFO	1	org.l2jmobius.gameserver.data.xml.FishingData	FishingData: Loaded 7 bait and 14 rod data.
2025.04.14 16:10:32,493	INFO	1	org.l2jmobius.gameserver.data.xml.HennaData	HennaData: Loaded 461 henna data.
2025.04.14 16:10:32,512	INFO	1	org.l2jmobius.gameserver.data.xml.PrimeShopData	PrimeShopData: Loaded 99 items.
2025.04.14 16:10:32,556	INFO	1	org.l2jmobius.gameserver.data.xml.AppearanceItemData	AppearanceItemData: Loaded 1225 stones.
2025.04.14 16:10:32,564	INFO	1	org.l2jmobius.gameserver.data.xml.AlchemyData	AlchemyData: Loaded 114 alchemy craft skills.
2025.04.14 16:10:32,604	INFO	1	org.l2jmobius.commons.util.IXmlReader	LuckyGameData: Loaded 2 lucky game data.
2025.04.14 16:10:32,606	INFO	1	org.l2jmobius.gameserver.data.xml.AttendanceRewardData	AttendanceRewardData: Disabled.
2025.04.14 16:10:32,607	INFO	1	org.l2jmobius.gameserver.GameServer	----------------------------------------------=[ Characters ]
2025.04.14 16:10:32,614	INFO	1	org.l2jmobius.gameserver.data.xml.ClassListData	ClassListData: Loaded 155 class data.
2025.04.14 16:10:32,618	INFO	1	org.l2jmobius.gameserver.data.xml.InitialEquipmentData	InitialEquipmentData: Loaded 23 initial equipment data.
2025.04.14 16:10:32,630	INFO	1	org.l2jmobius.gameserver.data.xml.InitialShortcutData	InitialShortcutData: Loaded 5 initial global shortcuts data.
2025.04.14 16:10:32,630	INFO	1	org.l2jmobius.gameserver.data.xml.InitialShortcutData	InitialShortcutData: Loaded 5 initial shortcuts data.
2025.04.14 16:10:32,630	INFO	1	org.l2jmobius.gameserver.data.xml.InitialShortcutData	InitialShortcutData: Loaded 0 macro presets.
2025.04.14 16:10:32,635	INFO	1	org.l2jmobius.gameserver.data.xml.ExperienceData	ExperienceData: Loaded 121 levels.
2025.04.14 16:10:32,636	INFO	1	org.l2jmobius.gameserver.data.xml.ExperienceData	ExperienceData: Max Player Level is 120.
2025.04.14 16:10:32,636	INFO	1	org.l2jmobius.gameserver.data.xml.ExperienceData	ExperienceData: Max Pet Level is 120.
2025.04.14 16:10:32,641	INFO	1	org.l2jmobius.gameserver.data.xml.KarmaData	KarmaData: Loaded 120 karma modifiers.
2025.04.14 16:10:32,644	INFO	1	org.l2jmobius.gameserver.data.xml.HitConditionBonusData	HitConditionBonusData: Loaded hit condition bonuses.
2025.04.14 16:10:33,222	WARNING	49	org.l2jmobius.gameserver.Shutdown	Server scheduled restart issued shutdown command. Shutdown in 1 seconds!
2025.04.14 16:10:33,691	INFO	1	org.l2jmobius.gameserver.data.xml.PlayerTemplateData	PlayerTemplateData: Loaded 155 character templates.
2025.04.14 16:10:33,693	INFO	1	org.l2jmobius.gameserver.data.xml.PlayerTemplateData	PlayerTemplateData: Loaded 111600 level up gain records.
2025.04.14 16:10:33,708	INFO	1	org.l2jmobius.gameserver.data.sql.CharInfoTable	CharInfoTable: Loaded 5 char names.
2025.04.14 16:10:33,710	INFO	1	org.l2jmobius.gameserver.data.sql.PartyMatchingHistoryTable	PartyMatchingHistoryTable: Loaded 0 party matching history data.
2025.04.14 16:10:33,722	INFO	1	org.l2jmobius.gameserver.data.xml.AdminData	AdminData: Loaded 10 access levels.
2025.04.14 16:10:33,726	INFO	1	org.l2jmobius.gameserver.data.xml.AdminData	AdminData: Loaded 497 access commands.
2025.04.14 16:10:34,371	INFO	1	org.l2jmobius.gameserver.data.xml.PetDataTable	PetDataTable: Loaded 56 pets.
2025.04.14 16:10:34,521	INFO	1	org.l2jmobius.gameserver.data.xml.CubicData	CubicData: Loaded 25 cubics.
2025.04.14 16:10:34,561	INFO	1	org.l2jmobius.gameserver.GameServer	---------------------------------------------------=[ Clans ]
2025.04.14 16:10:34,564	INFO	1	org.l2jmobius.gameserver.data.xml.ClanLevelData	ClanLevelData: Loaded 15 clan level data.
2025.04.14 16:10:34,583	INFO	1	org.l2jmobius.gameserver.communitybbs.Manager.ForumsBBSManager	ForumsBBSManager: Loaded 4 forums. Last forum id used: 4
2025.04.14 16:10:34,584	INFO	1	org.l2jmobius.gameserver.data.sql.ClanTable	ClanTable: Restored 0 clans from the database.
2025.04.14 16:10:34,594	INFO	1	org.l2jmobius.gameserver.data.xml.ResidenceFunctionsData	ResidenceFunctionsData: Loaded 8 functions.
2025.04.14 16:10:34,731	INFO	1	org.l2jmobius.gameserver.data.xml.ClanHallData	ClanHallData: Succesfully loaded 57 clan halls.
2025.04.14 16:10:34,734	INFO	1	org.l2jmobius.gameserver.instancemanager.ClanHallAuctionManager	ClanHallAuctionManager: Clan Hall Auction has started!
2025.04.14 16:10:34,755	INFO	1	org.l2jmobius.gameserver.instancemanager.ClanEntryManager	ClanEntryManager: Loaded 0 clan entries.
2025.04.14 16:10:34,756	INFO	1	org.l2jmobius.gameserver.instancemanager.ClanEntryManager	ClanEntryManager: Loaded 0 players in waiting list.
2025.04.14 16:10:34,757	INFO	1	org.l2jmobius.gameserver.instancemanager.ClanEntryManager	ClanEntryManager: Loaded 0 player applications.
2025.04.14 16:10:34,763	INFO	1	org.l2jmobius.gameserver.data.xml.ClanMasteryData	ClanMasteryData: Loaded 16 clan masteries.
2025.04.14 16:10:34,772	INFO	1	org.l2jmobius.gameserver.data.xml.ClanShopData	ClanShopData: Loaded 13 clan shop products.
2025.04.14 16:10:34,773	INFO	1	org.l2jmobius.gameserver.GameServer	-------------------------------------------------=[ Geodata ]
2025.04.14 16:10:37,297	INFO	156	org.l2jmobius.gameserver.geoengine.GeoEngine	GeoEngine: Loaded 233 regions.
2025.04.14 16:10:37,298	INFO	1	org.l2jmobius.gameserver.GameServer	----------------------------------------------------=[ NPCs ]
2025.04.14 16:10:37,300	INFO	1	org.l2jmobius.gameserver.data.xml.FakePlayerData	FakePlayerData: Disabled.
2025.04.14 16:10:37,301	INFO	1	org.l2jmobius.gameserver.instancemanager.FakePlayerChatManager	FakePlayerChatManager: Disabled.
2025.04.14 16:10:37,312	INFO	1	org.l2jmobius.gameserver.data.xml.MonsterBookData	MonsterBookData: Loaded 165 monster data.
2025.04.14 16:10:37,341	INFO	1	org.l2jmobius.gameserver.data.xml.StaticObjectData	StaticObjectData: Loaded 86 static object templates.
2025.04.14 16:10:37,360	INFO	1	org.l2jmobius.gameserver.model.itemauction.ItemAuctionInstance	ItemAuctionInstance: Loaded 21 item(s) and registered 3 auction(s) for instance 34328
2025.04.14 16:10:37,369	INFO	1	org.l2jmobius.gameserver.model.itemauction.ItemAuctionInstance	ItemAuctionInstance: Schedule next auction 3 on 17:00:00 19.04.25 for instance 34328
2025.04.14 16:10:37,370	INFO	1	org.l2jmobius.gameserver.instancemanager.ItemAuctionManager	ItemAuctionManager: Loaded 1 instances.
2025.04.14 16:10:37,405	INFO	1	org.l2jmobius.gameserver.instancemanager.CastleManager	CastleManager: Loaded 9 castles.
2025.04.14 16:10:37,413	INFO	1	org.l2jmobius.gameserver.instancemanager.GrandBossManager	GrandBossManager: 法利昂(19740) status is 0
2025.04.14 16:10:37,414	INFO	1	org.l2jmobius.gameserver.instancemanager.GrandBossManager	GrandBossManager: 凱爾烈光(26124) status is 0
2025.04.14 16:10:37,414	INFO	1	org.l2jmobius.gameserver.instancemanager.GrandBossManager	GrandBossManager: 巨蟻女王(29001) status is 0
2025.04.14 16:10:37,414	INFO	1	org.l2jmobius.gameserver.instancemanager.GrandBossManager	GrandBossManager: 核心(29006) status is 0
2025.04.14 16:10:37,414	INFO	1	org.l2jmobius.gameserver.instancemanager.GrandBossManager	GrandBossManager: 巴溫(29020) status is 0
2025.04.14 16:10:37,414	INFO	1	org.l2jmobius.gameserver.instancemanager.GrandBossManager	GrandBossManager: 巴拉卡斯(29028) status is 0
2025.04.14 16:10:37,414	INFO	1	org.l2jmobius.gameserver.instancemanager.GrandBossManager	GrandBossManager: 安塔瑞斯(29068) status is 0
2025.04.14 16:10:37,414	INFO	1	org.l2jmobius.gameserver.instancemanager.GrandBossManager	GrandBossManager: 巴列斯(29118) status is 0
2025.04.14 16:10:37,414	INFO	1	org.l2jmobius.gameserver.instancemanager.GrandBossManager	GrandBossManager: 地蟲 特拉斯肯(29197) status is 0
2025.04.14 16:10:37,414	INFO	1	org.l2jmobius.gameserver.instancemanager.GrandBossManager	GrandBossManager: 林德拜爾(29240) status is 0
2025.04.14 16:10:37,414	INFO	1	org.l2jmobius.gameserver.instancemanager.GrandBossManager	GrandBossManager: 赫利奧斯(29305) status is 0
2025.04.14 16:10:37,414	INFO	1	org.l2jmobius.gameserver.instancemanager.GrandBossManager	GrandBossManager: 奧爾芬(29325) status is 0
2025.04.14 16:10:37,415	INFO	1	org.l2jmobius.gameserver.instancemanager.GrandBossManager	GrandBossManager: 莉莉絲(29336) status is 0
2025.04.14 16:10:37,415	INFO	1	org.l2jmobius.gameserver.instancemanager.GrandBossManager	GrandBossManager: 亞納(29348) status is 0
2025.04.14 16:10:37,415	INFO	1	org.l2jmobius.gameserver.instancemanager.GrandBossManager	GrandBossManager: Loaded 14 instances.
2025.04.14 16:10:37,416	INFO	1	org.l2jmobius.gameserver.GameServer	------------------------------------------------=[ Instance ]
2025.04.14 16:10:37,416	INFO	1	org.l2jmobius.gameserver.GameServer	------------------------------------------------=[ Olympiad ]
2025.04.14 16:10:37,427	INFO	1	org.l2jmobius.gameserver.model.olympiad.Olympiad	Olympiad System: Loading....
2025.04.14 16:10:37,427	INFO	1	org.l2jmobius.gameserver.model.olympiad.Olympiad	Olympiad System: Currently in Olympiad Period
2025.04.14 16:10:37,431	INFO	1	org.l2jmobius.gameserver.model.olympiad.Olympiad	Olympiad System: 15 days, 19 hours and 49 mins until period ends.
2025.04.14 16:10:37,431	INFO	1	org.l2jmobius.gameserver.model.olympiad.Olympiad	Olympiad System: Next weekly change is in 0 days, 1 hours and 19 mins.
2025.04.14 16:10:37,431	INFO	1	org.l2jmobius.gameserver.model.olympiad.Olympiad	Olympiad System: Loaded 0 Nobles
2025.04.14 16:10:37,433	INFO	1	org.l2jmobius.gameserver.model.olympiad.Olympiad	Olympiad System: Competition Period Starts in 4 days, 3 hours and 49 mins.
2025.04.14 16:10:37,448	INFO	1	org.l2jmobius.gameserver.model.olympiad.Olympiad	Olympiad System: Event starts/started: Fri Apr 18 20:00:37 CST 2025
2025.04.14 16:10:37,453	INFO	1	org.l2jmobius.gameserver.model.olympiad.Hero	Hero System: Loaded 0 Heroes.
2025.04.14 16:10:37,453	INFO	1	org.l2jmobius.gameserver.model.olympiad.Hero	Hero System: Loaded 0 all time Heroes.
2025.04.14 16:10:37,453	INFO	1	org.l2jmobius.gameserver.GameServer	---------------------------------------------------=[ Cache ]
2025.04.14 16:10:37,455	INFO	1	org.l2jmobius.gameserver.cache.HtmCache	Html cache start...
2025.04.14 16:10:37,967	INFO	156	org.l2jmobius.gameserver.instancemanager.DBSpawnManager	DBSpawnManager: Loaded 263 instances.
2025.04.14 16:10:37,967	INFO	156	org.l2jmobius.gameserver.instancemanager.DBSpawnManager	DBSpawnManager: Scheduled 0 instances.
2025.04.14 16:10:37,992	INFO	156	org.l2jmobius.gameserver.Shutdown	RaidBossSpawnManager: All raidboss info saved(12303ms).
2025.04.14 16:10:37,993	INFO	156	org.l2jmobius.gameserver.Shutdown	GrandBossManager: All Grand Boss info saved(2ms).
2025.04.14 16:10:37,993	INFO	156	org.l2jmobius.gameserver.Shutdown	Item Auction Manager: All tasks stopped(0ms).
2025.04.14 16:10:37,994	INFO	156	org.l2jmobius.gameserver.Shutdown	Olympiad System: Data saved(1ms).
2025.04.14 16:10:37,995	INFO	156	org.l2jmobius.gameserver.Shutdown	Hero System: Data saved(1ms).
2025.04.14 16:10:37,995	INFO	156	org.l2jmobius.gameserver.Shutdown	Clan System: Data saved(0ms).
2025.04.14 16:10:38,000	INFO	156	org.l2jmobius.gameserver.instancemanager.CursedWeaponsManager	CursedWeaponsManager: Loaded 2 cursed weapons.
2025.04.14 16:10:38,001	INFO	156	org.l2jmobius.gameserver.Shutdown	Cursed Weapons Manager: Data saved(6ms).
2025.04.14 16:10:38,011	INFO	156	org.l2jmobius.gameserver.instancemanager.CastleManorManager	CastleManorManager: Loaded 258 seeds.
2025.04.14 16:10:38,014	INFO	156	org.l2jmobius.gameserver.instancemanager.CastleManorManager	CastleManorManager: Manor data loaded.
2025.04.14 16:10:38,015	INFO	156	org.l2jmobius.gameserver.Shutdown	Castle Manor Manager: Data saved(14ms).
2025.04.14 16:10:38,015	INFO	156	org.l2jmobius.gameserver.Shutdown	Quest Manager: Data saved(0ms).
2025.04.14 16:10:38,024	INFO	156	org.l2jmobius.gameserver.instancemanager.GlobalVariablesManager	GlobalVariablesManager: Stored 12 variables.
2025.04.14 16:10:38,025	INFO	156	org.l2jmobius.gameserver.Shutdown	Global Variables Manager: Variables saved(9ms).
2025.04.14 16:10:38,025	INFO	156	org.l2jmobius.gameserver.Shutdown	Party Matching History Table: Data saved(1ms).
2025.04.14 16:10:38,034	INFO	156	org.l2jmobius.gameserver.data.BotReportTable	BotReportTable: Loaded 0 bot reports
2025.04.14 16:10:38,034	INFO	156	org.l2jmobius.gameserver.Shutdown	Bot Report Table: Successfully saved reports to database!
